#
# There is insufficient memory for the Java Runtime Environment to continue.
# Native memory allocation (malloc) failed to allocate 32744 bytes for ChunkPool::allocate
# Possible reasons:
#   The system is out of physical RAM or swap space
#   The process is running with CompressedOops enabled, and the Java Heap may be blocking the growth of the native heap
# Possible solutions:
#   Reduce memory load on the system
#   Increase physical memory or swap space
#   Check if swap backing store is full
#   Decrease Java heap size (-Xmx/-Xms)
#   Decrease number of Java threads
#   Decrease Java thread stack sizes (-Xss)
#   Set larger code cache with -XX:ReservedCodeCacheSize=
#   JVM is running with Unscaled Compressed Oops mode in which the Java heap is
#     placed in the first 4GB address space. The Java Heap base address is the
#     maximum limit for the native heap growth. Please use -XX:HeapBaseMinAddress
#     to set the Java Heap base and to place the Java Heap above 4GB virtual address.
# This output file may be truncated or incomplete.
#
#  Out of Memory Error (allocation.cpp:272), pid=17476, tid=0x0000000000003684
#
# JRE version: Java(TM) SE Runtime Environment (8.0_301-b09) (build 1.8.0_301-b09)
# Java VM: Java HotSpot(TM) 64-Bit Server VM (25.301-b09 mixed mode windows-amd64 compressed oops)
# Failed to write core dump. Minidumps are not enabled by default on client versions of Windows
#

---------------  T H R E A D  ---------------

Current thread (0x0000027efa8c9000):  JavaThread "C2 CompilerThread2" daemon [_thread_in_native, id=13956, stack(0x000000d6ff400000,0x000000d6ff500000)]

Stack: [0x000000d6ff400000,0x000000d6ff500000]
Native frames: (J=compiled Java code, j=interpreted, Vv=VM code, C=native code)
V  [jvm.dll+0x32ed79]
V  [jvm.dll+0x275722]
V  [jvm.dll+0x2763cd]
V  [jvm.dll+0x26ce05]
V  [jvm.dll+0xd59bd]
V  [jvm.dll+0xd5d1c]
V  [jvm.dll+0xd586d]
V  [jvm.dll+0x4c656f]
V  [jvm.dll+0x4e129a]
V  [jvm.dll+0x437ea2]
V  [jvm.dll+0x440c55]
V  [jvm.dll+0x440015]
V  [jvm.dll+0x42ae57]
V  [jvm.dll+0xac1bb]
V  [jvm.dll+0xaa81b]
V  [jvm.dll+0x23ddc2]
V  [jvm.dll+0x2923dc]
C  [ucrtbase.dll+0x21bb2]
C  [KERNEL32.DLL+0x17034]
C  [ntdll.dll+0x52651]


Current CompileTask:
C2:   6579 3332       4       java.util.jar.Attributes$Name::hashCode (24 bytes)


---------------  P R O C E S S  ---------------

Java Threads: ( => current thread )
  0x0000027efc0a6800 JavaThread "Service Thread" daemon [_thread_blocked, id=15324, stack(0x000000d6ff600000,0x000000d6ff700000)]
  0x0000027efa8cc800 JavaThread "C1 CompilerThread3" daemon [_thread_blocked, id=8128, stack(0x000000d6ff500000,0x000000d6ff600000)]
=>0x0000027efa8c9000 JavaThread "C2 CompilerThread2" daemon [_thread_in_native, id=13956, stack(0x000000d6ff400000,0x000000d6ff500000)]
  0x0000027efa8c7000 JavaThread "C2 CompilerThread1" daemon [_thread_in_native, id=1712, stack(0x000000d6ff300000,0x000000d6ff400000)]
  0x0000027efa8bd000 JavaThread "C2 CompilerThread0" daemon [_thread_in_native, id=7940, stack(0x000000d6ff200000,0x000000d6ff300000)]
  0x0000027efa8b4000 JavaThread "Monitor Ctrl-Break" daemon [_thread_in_native, id=10520, stack(0x000000d6ff100000,0x000000d6ff200000)]
  0x0000027efa84a800 JavaThread "Attach Listener" daemon [_thread_blocked, id=7052, stack(0x000000d6ff000000,0x000000d6ff100000)]
  0x0000027efa849000 JavaThread "Signal Dispatcher" daemon [_thread_blocked, id=7152, stack(0x000000d6fef00000,0x000000d6ff000000)]
  0x0000027efa824000 JavaThread "Finalizer" daemon [_thread_blocked, id=17384, stack(0x000000d6fee00000,0x000000d6fef00000)]
  0x0000027efa81d000 JavaThread "Reference Handler" daemon [_thread_blocked, id=14628, stack(0x000000d6fed00000,0x000000d6fee00000)]
  0x0000027ef54f6000 JavaThread "main" [_thread_blocked, id=12552, stack(0x000000d6fe300000,0x000000d6fe400000)]

Other Threads:
  0x0000027efa7f2800 VMThread [stack: 0x000000d6fec00000,0x000000d6fed00000] [id=12524]
  0x0000027efc0d8800 WatcherThread [stack: 0x000000d6ff700000,0x000000d6ff800000] [id=2088]

VM state:at safepoint (normal execution)

VM Mutex/Monitor currently owned by a thread:  ([mutex/lock_event])
[0x0000027ef54f3190] Threads_lock - owner thread: 0x0000027efa7f2800
[0x0000027ef54f5620] Heap_lock - owner thread: 0x0000027ef54f6000

heap address: 0x00000000c1c00000, size: 996 MB, Compressed Oops mode: 32-bit
Narrow klass base: 0x0000000000000000, Narrow klass shift: 3
Compressed class space size: 1073741824 Address: 0x0000000100000000

Heap:
 PSYoungGen      total 72192K, used 27260K [0x00000000eb400000, 0x00000000f4600000, 0x0000000100000000)
  eden space 64000K, 29% used [0x00000000eb400000,0x00000000ec69f0c8,0x00000000ef280000)
  from space 8192K, 100% used [0x00000000ef280000,0x00000000efa80000,0x00000000efa80000)
  to   space 10752K, 82% used [0x00000000f3b80000,0x00000000f4424030,0x00000000f4600000)
 ParOldGen       total 44032K, used 12815K [0x00000000c1c00000, 0x00000000c4700000, 0x00000000eb400000)
  object space 44032K, 29% used [0x00000000c1c00000,0x00000000c2883ec0,0x00000000c4700000)
 Metaspace       used 20606K, capacity 21168K, committed 21296K, reserved 1069056K
  class space    used 2478K, capacity 2661K, committed 2688K, reserved 1048576K

Card table byte_map: [0x0000027ef7300000,0x0000027ef7500000] byte_map_base: 0x0000027ef6cf2000

Marking Bits: (ParMarkBitMap*) 0x0000000054ca7fe0
 Begin Bits: [0x0000027ef7650000, 0x0000027ef85e0000)
 End Bits:   [0x0000027ef85e0000, 0x0000027ef9570000)

Polling page: 0x0000027ef5720000

CodeCache: size=245760Kb used=11317Kb max_used=11317Kb free=234442Kb
 bounds [0x0000027e80000000, 0x0000027e80b20000, 0x0000027e8f000000]
 total_blobs=3726 nmethods=3328 adapters=310
 compilation: enabled

Compilation events (10 events):
Event: 6.478 Thread 0x0000027efa8cc800 nmethod 3327 0x0000027e80b14ed0 code [0x0000027e80b15020, 0x0000027e80b15138]
Event: 6.478 Thread 0x0000027efa8cc800 3328       3       com.sun.tools.javac.util.ArrayUtils::ensureCapacity (30 bytes)
Event: 6.478 Thread 0x0000027efa8cc800 nmethod 3328 0x0000027e80b15190 code [0x0000027e80b15320, 0x0000027e80b156d0]
Event: 6.478 Thread 0x0000027efa8cc800 3331       3       com.sun.tools.javac.util.Convert::chars2utf (159 bytes)
Event: 6.479 Thread 0x0000027efa8cc800 nmethod 3331 0x0000027e80b15850 code [0x0000027e80b159e0, 0x0000027e80b15dd8]
Event: 6.479 Thread 0x0000027efa8cc800 3329       3       com.sun.tools.javac.util.List::nil (4 bytes)
Event: 6.479 Thread 0x0000027efa8cc800 nmethod 3329 0x0000027e80b16190 code [0x0000027e80b162e0, 0x0000027e80b16418]
Event: 6.479 Thread 0x0000027efa8cc800 3330       3       com.sun.tools.javac.code.AnnoConstruct::<init> (5 bytes)
Event: 6.479 Thread 0x0000027efa8cc800 nmethod 3330 0x0000027e80b16490 code [0x0000027e80b165e0, 0x0000027e80b16798]
Event: 6.528 Thread 0x0000027efa8c9000 3332       4       java.util.jar.Attributes$Name::hashCode (24 bytes)

GC Heap History (10 events):
Event: 2.156 GC heap before
{Heap before GC invocations=3 (full 0):
 PSYoungGen      total 18944K, used 18934K [0x00000000eb400000, 0x00000000ec900000, 0x0000000100000000)
  eden space 16384K, 100% used [0x00000000eb400000,0x00000000ec400000,0x00000000ec400000)
  from space 2560K, 99% used [0x00000000ec680000,0x00000000ec8fd8c8,0x00000000ec900000)
  to   space 2560K, 0% used [0x00000000ec400000,0x00000000ec400000,0x00000000ec680000)
 ParOldGen       total 44032K, used 1583K [0x00000000c1c00000, 0x00000000c4700000, 0x00000000eb400000)
  object space 44032K, 3% used [0x00000000c1c00000,0x00000000c1d8bd90,0x00000000c4700000)
 Metaspace       used 9714K, capacity 9874K, committed 9984K, reserved 1058816K
  class space    used 1170K, capacity 1244K, committed 1280K, reserved 1048576K
Event: 2.160 GC heap after
Heap after GC invocations=3 (full 0):
 PSYoungGen      total 18944K, used 2551K [0x00000000eb400000, 0x00000000ed900000, 0x0000000100000000)
  eden space 16384K, 0% used [0x00000000eb400000,0x00000000eb400000,0x00000000ec400000)
  from space 2560K, 99% used [0x00000000ec400000,0x00000000ec67dd10,0x00000000ec680000)
  to   space 2560K, 0% used [0x00000000ed680000,0x00000000ed680000,0x00000000ed900000)
 ParOldGen       total 44032K, used 2871K [0x00000000c1c00000, 0x00000000c4700000, 0x00000000eb400000)
  object space 44032K, 6% used [0x00000000c1c00000,0x00000000c1ecded8,0x00000000c4700000)
 Metaspace       used 9714K, capacity 9874K, committed 9984K, reserved 1058816K
  class space    used 1170K, capacity 1244K, committed 1280K, reserved 1048576K
}
Event: 2.351 GC heap before
{Heap before GC invocations=4 (full 0):
 PSYoungGen      total 18944K, used 18935K [0x00000000eb400000, 0x00000000ed900000, 0x0000000100000000)
  eden space 16384K, 100% used [0x00000000eb400000,0x00000000ec400000,0x00000000ec400000)
  from space 2560K, 99% used [0x00000000ec400000,0x00000000ec67dd10,0x00000000ec680000)
  to   space 2560K, 0% used [0x00000000ed680000,0x00000000ed680000,0x00000000ed900000)
 ParOldGen       total 44032K, used 2871K [0x00000000c1c00000, 0x00000000c4700000, 0x00000000eb400000)
  object space 44032K, 6% used [0x00000000c1c00000,0x00000000c1ecded8,0x00000000c4700000)
 Metaspace       used 11259K, capacity 11434K, committed 11776K, reserved 1058816K
  class space    used 1369K, capacity 1446K, committed 1536K, reserved 1048576K
Event: 2.355 GC heap after
Heap after GC invocations=4 (full 0):
 PSYoungGen      total 35328K, used 2528K [0x00000000eb400000, 0x00000000ed900000, 0x0000000100000000)
  eden space 32768K, 0% used [0x00000000eb400000,0x00000000eb400000,0x00000000ed400000)
  from space 2560K, 98% used [0x00000000ed680000,0x00000000ed8f8040,0x00000000ed900000)
  to   space 2560K, 0% used [0x00000000ed400000,0x00000000ed400000,0x00000000ed680000)
 ParOldGen       total 44032K, used 4759K [0x00000000c1c00000, 0x00000000c4700000, 0x00000000eb400000)
  object space 44032K, 10% used [0x00000000c1c00000,0x00000000c20a5c30,0x00000000c4700000)
 Metaspace       used 11259K, capacity 11434K, committed 11776K, reserved 1058816K
  class space    used 1369K, capacity 1446K, committed 1536K, reserved 1048576K
}
Event: 3.369 GC heap before
{Heap before GC invocations=5 (full 0):
 PSYoungGen      total 35328K, used 35296K [0x00000000eb400000, 0x00000000ed900000, 0x0000000100000000)
  eden space 32768K, 100% used [0x00000000eb400000,0x00000000ed400000,0x00000000ed400000)
  from space 2560K, 98% used [0x00000000ed680000,0x00000000ed8f8040,0x00000000ed900000)
  to   space 2560K, 0% used [0x00000000ed400000,0x00000000ed400000,0x00000000ed680000)
 ParOldGen       total 44032K, used 4759K [0x00000000c1c00000, 0x00000000c4700000, 0x00000000eb400000)
  object space 44032K, 10% used [0x00000000c1c00000,0x00000000c20a5c30,0x00000000c4700000)
 Metaspace       used 14914K, capacity 15166K, committed 15232K, reserved 1062912K
  class space    used 1840K, capacity 1906K, committed 1920K, reserved 1048576K
Event: 3.388 GC heap after
Heap after GC invocations=5 (full 0):
 PSYoungGen      total 35328K, used 2528K [0x00000000eb400000, 0x00000000f0100000, 0x0000000100000000)
  eden space 32768K, 0% used [0x00000000eb400000,0x00000000eb400000,0x00000000ed400000)
  from space 2560K, 98% used [0x00000000ed400000,0x00000000ed678020,0x00000000ed680000)
  to   space 6656K, 0% used [0x00000000efa80000,0x00000000efa80000,0x00000000f0100000)
 ParOldGen       total 44032K, used 8940K [0x00000000c1c00000, 0x00000000c4700000, 0x00000000eb400000)
  object space 44032K, 20% used [0x00000000c1c00000,0x00000000c24bb358,0x00000000c4700000)
 Metaspace       used 14914K, capacity 15166K, committed 15232K, reserved 1062912K
  class space    used 1840K, capacity 1906K, committed 1920K, reserved 1048576K
}
Event: 4.155 GC heap before
{Heap before GC invocations=6 (full 0):
 PSYoungGen      total 35328K, used 35296K [0x00000000eb400000, 0x00000000f0100000, 0x0000000100000000)
  eden space 32768K, 100% used [0x00000000eb400000,0x00000000ed400000,0x00000000ed400000)
  from space 2560K, 98% used [0x00000000ed400000,0x00000000ed678020,0x00000000ed680000)
  to   space 6656K, 0% used [0x00000000efa80000,0x00000000efa80000,0x00000000f0100000)
 ParOldGen       total 44032K, used 8940K [0x00000000c1c00000, 0x00000000c4700000, 0x00000000eb400000)
  object space 44032K, 20% used [0x00000000c1c00000,0x00000000c24bb358,0x00000000c4700000)
 Metaspace       used 16090K, capacity 16406K, committed 16640K, reserved 1064960K
  class space    used 1926K, capacity 2038K, committed 2048K, reserved 1048576K
Event: 4.164 GC heap after
Heap after GC invocations=6 (full 0):
 PSYoungGen      total 70656K, used 6624K [0x00000000eb400000, 0x00000000f0400000, 0x0000000100000000)
  eden space 64000K, 0% used [0x00000000eb400000,0x00000000eb400000,0x00000000ef280000)
  from space 6656K, 99% used [0x00000000efa80000,0x00000000f00f8040,0x00000000f0100000)
  to   space 8192K, 0% used [0x00000000ef280000,0x00000000ef280000,0x00000000efa80000)
 ParOldGen       total 44032K, used 9613K [0x00000000c1c00000, 0x00000000c4700000, 0x00000000eb400000)
  object space 44032K, 21% used [0x00000000c1c00000,0x00000000c25634b8,0x00000000c4700000)
 Metaspace       used 16090K, capacity 16406K, committed 16640K, reserved 1064960K
  class space    used 1926K, capacity 2038K, committed 2048K, reserved 1048576K
}
Event: 6.107 GC heap before
{Heap before GC invocations=7 (full 0):
 PSYoungGen      total 70656K, used 70624K [0x00000000eb400000, 0x00000000f0400000, 0x0000000100000000)
  eden space 64000K, 100% used [0x00000000eb400000,0x00000000ef280000,0x00000000ef280000)
  from space 6656K, 99% used [0x00000000efa80000,0x00000000f00f8040,0x00000000f0100000)
  to   space 8192K, 0% used [0x00000000ef280000,0x00000000ef280000,0x00000000efa80000)
 ParOldGen       total 44032K, used 9613K [0x00000000c1c00000, 0x00000000c4700000, 0x00000000eb400000)
  object space 44032K, 21% used [0x00000000c1c00000,0x00000000c25634b8,0x00000000c4700000)
 Metaspace       used 17734K, capacity 18284K, committed 18432K, reserved 1064960K
  class space    used 2077K, capacity 2229K, committed 2304K, reserved 1048576K
Event: 6.118 GC heap after
Heap after GC invocations=7 (full 0):
 PSYoungGen      total 72192K, used 8192K [0x00000000eb400000, 0x00000000f4600000, 0x0000000100000000)
  eden space 64000K, 0% used [0x00000000eb400000,0x00000000eb400000,0x00000000ef280000)
  from space 8192K, 100% used [0x00000000ef280000,0x00000000efa80000,0x00000000efa80000)
  to   space 10752K, 0% used [0x00000000f3b80000,0x00000000f3b80000,0x00000000f4600000)
 ParOldGen       total 44032K, used 12375K [0x00000000c1c00000, 0x00000000c4700000, 0x00000000eb400000)
  object space 44032K, 28% used [0x00000000c1c00000,0x00000000c2815ec0,0x00000000c4700000)
 Metaspace       used 17734K, capacity 18284K, committed 18432K, reserved 1064960K
  class space    used 2077K, capacity 2229K, committed 2304K, reserved 1048576K
}

Deoptimization events (10 events):
Event: 4.850 Thread 0x0000027ef54f6000 Uncommon trap: reason=class_check action=maybe_recompile pc=0x0000027e8072ca40 method=sun.nio.cs.StreamEncoder.writeBytes()V @ 120
Event: 5.466 Thread 0x0000027ef54f6000 Uncommon trap: reason=unstable_if action=reinterpret pc=0x0000027e803d863c method=java.util.HashMap.hash(Ljava/lang/Object;)I @ 1
Event: 5.466 Thread 0x0000027ef54f6000 Uncommon trap: reason=unstable_if action=reinterpret pc=0x0000027e80360ee8 method=java.util.HashMap.hash(Ljava/lang/Object;)I @ 1
Event: 5.466 Thread 0x0000027ef54f6000 Uncommon trap: reason=unstable_if action=reinterpret pc=0x0000027e803d20b8 method=java.util.HashMap.getNode(ILjava/lang/Object;)Ljava/util/HashMap$Node; @ 53
Event: 5.494 Thread 0x0000027ef54f6000 Uncommon trap: reason=unstable_if action=reinterpret pc=0x0000027e805e515c method=java.util.LinkedHashMap.afterNodeInsertion(Z)V @ 18
Event: 5.618 Thread 0x0000027ef54f6000 Uncommon trap: reason=bimorphic action=maybe_recompile pc=0x0000027e8089e634 method=java.util.concurrent.ConcurrentHashMap.get(Ljava/lang/Object;)Ljava/lang/Object; @ 149
Event: 5.852 Thread 0x0000027ef54f6000 Uncommon trap: reason=array_check action=maybe_recompile pc=0x0000027e808e029c method=java.util.TimSort.binarySort([Ljava/lang/Object;IIILjava/util/Comparator;)V @ 215
Event: 5.852 Thread 0x0000027ef54f6000 Uncommon trap: reason=array_check action=maybe_recompile pc=0x0000027e808e0428 method=java.util.TimSort.binarySort([Ljava/lang/Object;IIILjava/util/Comparator;)V @ 183
Event: 5.852 Thread 0x0000027ef54f6000 Uncommon trap: reason=array_check action=maybe_recompile pc=0x0000027e808e0360 method=java.util.TimSort.binarySort([Ljava/lang/Object;IIILjava/util/Comparator;)V @ 193
Event: 5.852 Thread 0x0000027ef54f6000 Uncommon trap: reason=array_check action=maybe_recompile pc=0x0000027e808e0360 method=java.util.TimSort.binarySort([Ljava/lang/Object;IIILjava/util/Comparator;)V @ 193

Classes redefined (0 events):
No events

Internal exceptions (10 events):
Event: 2.669 Thread 0x0000027ef54f6000 Exception <a 'java/lang/NoClassDefFoundError': javax/annotation/Priority> (0x00000000ec8c9b28) thrown at [C:\jenkins\workspace\8-2-build-windows-amd64-cygwin\jdk8u301\1513\hotspot\src\share\vm\classfile\systemDictionary.cpp, line 201]
Event: 2.848 Thread 0x0000027ef54f6000 Implicit null exception at 0x0000027e80215498 to 0x0000027e80215661
Event: 3.324 Thread 0x0000027ef54f6000 Implicit null exception at 0x0000027e802b1156 to 0x0000027e802b14f9
Event: 3.461 Thread 0x0000027ef54f6000 Implicit null exception at 0x0000027e801eb796 to 0x0000027e801ebb31
Event: 3.567 Thread 0x0000027ef54f6000 Implicit null exception at 0x0000027e80661ad0 to 0x0000027e80662dcd
Event: 3.901 Thread 0x0000027ef54f6000 Implicit null exception at 0x0000027e8074ec37 to 0x0000027e8074ee81
Event: 4.383 Thread 0x0000027ef54f6000 Implicit null exception at 0x0000027e80856e74 to 0x0000027e8085797d
Event: 5.466 Thread 0x0000027ef54f6000 Implicit null exception at 0x0000027e803d8455 to 0x0000027e803d862d
Event: 5.466 Thread 0x0000027ef54f6000 Implicit null exception at 0x0000027e80360e6f to 0x0000027e80360ed9
Event: 6.347 Thread 0x0000027ef54f6000 Exception <a 'java/lang/ClassNotFoundException': com/sun/tools/javac/api/JavacTool> (0x00000000ebd08070) thrown at [C:\jenkins\workspace\8-2-build-windows-amd64-cygwin\jdk8u301\1513\hotspot\src\share\vm\classfile\systemDictionary.cpp, line 212]

Events (10 events):
Event: 6.531 loading class com/sun/tools/javac/comp/Resolve$BadVarargsMethod
Event: 6.531 loading class com/sun/tools/javac/comp/Resolve$BadVarargsMethod done
Event: 6.531 loading class com/sun/tools/javac/comp/Resolve$InapplicableSymbolError
Event: 6.531 loading class com/sun/tools/javac/comp/Resolve$InapplicableSymbolError done
Event: 6.532 loading class com/sun/tools/javac/comp/Resolve$InapplicableSymbolsError
Event: 6.532 loading class com/sun/tools/javac/comp/Resolve$InapplicableSymbolsError done
Event: 6.533 loading class com/sun/tools/javac/comp/Resolve$12
Event: 6.533 loading class com/sun/tools/javac/comp/Resolve$12 done
Event: 6.533 loading class com/sun/tools/javac/comp/Resolve$13
Event: 6.533 loading class com/sun/tools/javac/comp/Resolve$13 done


Dynamic libraries:
0x00007ff7ceff0000 - 0x00007ff7cf037000 	C:\Program Files\Java\jdk1.8.0_301\bin\java.exe
0x00007ff82ccd0000 - 0x00007ff82cec5000 	C:\WINDOWS\SYSTEM32\ntdll.dll
0x00007ff82c9a0000 - 0x00007ff82ca5e000 	C:\WINDOWS\System32\KERNEL32.DLL
0x00007ff82a820000 - 0x00007ff82aae9000 	C:\WINDOWS\System32\KERNELBASE.dll
0x00007ff82b290000 - 0x00007ff82b33c000 	C:\WINDOWS\System32\ADVAPI32.dll
0x00007ff82cbf0000 - 0x00007ff82cc8e000 	C:\WINDOWS\System32\msvcrt.dll
0x00007ff82c740000 - 0x00007ff82c7db000 	C:\WINDOWS\System32\sechost.dll
0x00007ff82b0b0000 - 0x00007ff82b1da000 	C:\WINDOWS\System32\RPCRT4.dll
0x00007ff82aea0000 - 0x00007ff82b041000 	C:\WINDOWS\System32\USER32.dll
0x00007ff82a6e0000 - 0x00007ff82a702000 	C:\WINDOWS\System32\win32u.dll
0x00007ff82cb20000 - 0x00007ff82cb4b000 	C:\WINDOWS\System32\GDI32.dll
0x00007ff82a710000 - 0x00007ff82a81b000 	C:\WINDOWS\System32\gdi32full.dll
0x00007ff82ac50000 - 0x00007ff82aced000 	C:\WINDOWS\System32\msvcp_win.dll
0x00007ff82a450000 - 0x00007ff82a550000 	C:\WINDOWS\System32\ucrtbase.dll
0x00007ff815780000 - 0x00007ff815a1a000 	C:\WINDOWS\WinSxS\amd64_microsoft.windows.common-controls_6595b64144ccf1df_6.0.19041.1110_none_60b5254171f9507e\COMCTL32.dll
0x00007ff82cb50000 - 0x00007ff82cb80000 	C:\WINDOWS\System32\IMM32.DLL
0x00007ff80b9a0000 - 0x00007ff80b9b5000 	C:\Program Files\Java\jdk1.8.0_301\jre\bin\vcruntime140.dll
0x00007ff800060000 - 0x00007ff8000fb000 	C:\Program Files\Java\jdk1.8.0_301\jre\bin\msvcp140.dll
0x00000000544c0000 - 0x0000000054d20000 	C:\Program Files\Java\jdk1.8.0_301\jre\bin\server\jvm.dll
0x00007ff82bad0000 - 0x00007ff82bad8000 	C:\WINDOWS\System32\PSAPI.DLL
0x00007ff819db0000 - 0x00007ff819dd7000 	C:\WINDOWS\SYSTEM32\WINMM.dll
0x00007ff820f40000 - 0x00007ff820f4a000 	C:\WINDOWS\SYSTEM32\VERSION.dll
0x00007ff81b430000 - 0x00007ff81b439000 	C:\WINDOWS\SYSTEM32\WSOCK32.dll
0x00007ff82cb80000 - 0x00007ff82cbeb000 	C:\WINDOWS\System32\WS2_32.dll
0x00007ff828c70000 - 0x00007ff828c82000 	C:\WINDOWS\SYSTEM32\kernel.appcore.dll
0x00007ff81f8f0000 - 0x00007ff81f900000 	C:\Program Files\Java\jdk1.8.0_301\jre\bin\verify.dll
0x00007ff80b7a0000 - 0x00007ff80b7cb000 	C:\Program Files\Java\jdk1.8.0_301\jre\bin\java.dll
0x00007ff801700000 - 0x00007ff801730000 	C:\Program Files\Java\jdk1.8.0_301\jre\bin\instrument.dll
0x00007ff80b6c0000 - 0x00007ff80b6d8000 	C:\Program Files\Java\jdk1.8.0_301\jre\bin\zip.dll
0x00007ff82bca0000 - 0x00007ff82c3df000 	C:\WINDOWS\System32\SHELL32.dll
0x00007ff827de0000 - 0x00007ff828570000 	C:\WINDOWS\SYSTEM32\windows.storage.dll
0x00007ff82c3e0000 - 0x00007ff82c735000 	C:\WINDOWS\System32\combase.dll
0x00007ff829e40000 - 0x00007ff829e6c000 	C:\WINDOWS\SYSTEM32\Wldp.dll
0x00007ff82b840000 - 0x00007ff82b8ee000 	C:\WINDOWS\System32\SHCORE.dll
0x00007ff82b050000 - 0x00007ff82b0a5000 	C:\WINDOWS\System32\shlwapi.dll
0x00007ff82a330000 - 0x00007ff82a34f000 	C:\WINDOWS\SYSTEM32\profapi.dll
0x00007ff803140000 - 0x00007ff80315a000 	C:\Program Files\JetBrains\IntelliJ IDEA Community Edition 2021.2\bin\breakgen64.dll
0x00007ff80b1e0000 - 0x00007ff80b1fc000 	C:\Program Files\Java\jdk1.8.0_301\jre\bin\net.dll
0x00007ff829ba0000 - 0x00007ff829c0a000 	C:\WINDOWS\system32\mswsock.dll
0x00007ff829d90000 - 0x00007ff829da8000 	C:\WINDOWS\SYSTEM32\CRYPTSP.dll
0x00007ff8294b0000 - 0x00007ff8294e4000 	C:\WINDOWS\system32\rsaenh.dll
0x00007ff82acf0000 - 0x00007ff82ad17000 	C:\WINDOWS\System32\bcrypt.dll
0x00007ff82a2b0000 - 0x00007ff82a2de000 	C:\WINDOWS\SYSTEM32\USERENV.dll
0x00007ff82a650000 - 0x00007ff82a6d3000 	C:\WINDOWS\System32\bcryptprimitives.dll
0x00007ff829db0000 - 0x00007ff829dbc000 	C:\WINDOWS\SYSTEM32\CRYPTBASE.dll
0x00007ff829840000 - 0x00007ff82987b000 	C:\WINDOWS\SYSTEM32\IPHLPAPI.DLL
0x00007ff82c990000 - 0x00007ff82c998000 	C:\WINDOWS\System32\NSI.dll
0x00007ff820b90000 - 0x00007ff820ba7000 	C:\WINDOWS\SYSTEM32\dhcpcsvc6.DLL
0x00007ff820b70000 - 0x00007ff820b8d000 	C:\WINDOWS\SYSTEM32\dhcpcsvc.DLL
0x00007ff829880000 - 0x00007ff82994c000 	C:\WINDOWS\SYSTEM32\DNSAPI.dll
0x00007ff803200000 - 0x00007ff803213000 	C:\Program Files\Java\jdk1.8.0_301\jre\bin\nio.dll
0x00007ff80b610000 - 0x00007ff80b61a000 	C:\Users\User\AppData\Local\Temp\jansi-1.17.1-1671436444011422475.dll
0x00007ff80b5e0000 - 0x00007ff80b5ea000 	C:\Users\User\AppData\Local\Temp\jansi-1.17.1-378009897495206559.dll
0x00007ff828630000 - 0x00007ff828814000 	C:\WINDOWS\SYSTEM32\dbghelp.dll

VM Arguments:
jvm_args: -Dmaven.multiModuleProjectDirectory=C:\DO\nwu\AccountSystemTest -Dmaven.home=C:\Program Files\JetBrains\IntelliJ IDEA Community Edition 2021.2\plugins\maven\lib\maven3 -Dclassworlds.conf=C:\Program Files\JetBrains\IntelliJ IDEA Community Edition 2021.2\plugins\maven\lib\maven3\bin\m2.conf -Dmaven.ext.class.path=C:\Program Files\JetBrains\IntelliJ IDEA Community Edition 2021.2\plugins\maven\lib\maven-event-listener.jar -javaagent:C:\Program Files\JetBrains\IntelliJ IDEA Community Edition 2021.2\lib\idea_rt.jar=54909:C:\Program Files\JetBrains\IntelliJ IDEA Community Edition 2021.2\bin -Dfile.encoding=UTF-8 
java_command: org.codehaus.classworlds.Launcher -Didea.version=2021.2 -s C:\Program Files\apache-maven-3.8.2\conf\settings.xml clean install
java_class_path (initial): C:\Program Files\JetBrains\IntelliJ IDEA Community Edition 2021.2\plugins\maven\lib\maven3\boot\plexus-classworlds-2.6.0.jar;C:\Program Files\JetBrains\IntelliJ IDEA Community Edition 2021.2\plugins\maven\lib\maven3\boot\plexus-classworlds.license;C:\Program Files\JetBrains\IntelliJ IDEA Community Edition 2021.2\lib\idea_rt.jar
Launcher Type: SUN_STANDARD

Environment Variables:
PATH=C:\oraclexe\app\oracle\product\11.2.0\server\bin;C:\WINDOWS\system32;C:\WINDOWS;C:\WINDOWS\System32\Wbem;C:\WINDOWS\System32\WindowsPowerShell\v1.0\;C:\WINDOWS\System32\OpenSSH\;C:\Program Files\Git\cmd;C:\Program Files\JetBrains\IntelliJ IDEA Community Edition 2021.2\bin;C:\Program Files\Java\jdk1.8.0_301\bin;C:\Program Files\apache-maven-3.8.2\bin;C:\Program Files\dotnet\;C:\Program Files\Microsoft SQL Server\130\Tools\Binn\;C:\Program Files\Microsoft SQL Server\Client SDK\ODBC\170\Tools\Binn\;C:\Users\User\AppData\Local\Microsoft\WindowsApps;C:\Program Files\JetBrains\IntelliJ IDEA 2021.2\bin;;C:\Program Files\JetBrains\IntelliJ IDEA Community Edition 2021.2\bin;;C:\Program Files\JetBrains\IntelliJ IDEA Community Edition 2021.2\bin;C:\Program Files\Java\jdk1.8.0_301\bin;C:\Program Files\apache-maven-3.8.2\bin;C:\Users\User\.dotnet\tools
USERNAME=User
OS=Windows_NT
PROCESSOR_IDENTIFIER=Intel64 Family 6 Model 142 Stepping 10, GenuineIntel



---------------  S Y S T E M  ---------------

OS: Windows 10.0 , 64 bit Build 19041 (10.0.19041.1202)

CPU:total 8 (initial active 8) (4 cores per cpu, 2 threads per core) family 6 model 142 stepping 10, cmov, cx8, fxsr, mmx, sse, sse2, sse3, ssse3, sse4.1, sse4.2, popcnt, avx, avx2, aes, clmul, erms, 3dnowpref, lzcnt, ht, tsc, tscinvbit, bmi1, bmi2, adx

Memory: 4k page, physical 4075748k(230284k free), swap 16658660k(4016k free)

vm_info: Java HotSpot(TM) 64-Bit Server VM (25.301-b09) for windows-amd64 JRE (1.8.0_301-b09), built on Jun  9 2021 06:46:21 by "java_re" with MS VC++ 15.9 (VS2017)

time: Tue Sep 28 00:04:38 2021
timezone: South Africa Standard Time
elapsed time: 6.588350 seconds (0d 0h 0m 6s)

