#
# There is insufficient memory for the Java Runtime Environment to continue.
# Native memory allocation (malloc) failed to allocate 2455216 bytes for Chunk::new
# Possible reasons:
#   The system is out of physical RAM or swap space
#   The process is running with CompressedOops enabled, and the Java Heap may be blocking the growth of the native heap
# Possible solutions:
#   Reduce memory load on the system
#   Increase physical memory or swap space
#   Check if swap backing store is full
#   Decrease Java heap size (-Xmx/-Xms)
#   Decrease number of Java threads
#   Decrease Java thread stack sizes (-Xss)
#   Set larger code cache with -XX:ReservedCodeCacheSize=
#   JVM is running with Unscaled Compressed Oops mode in which the Java heap is
#     placed in the first 4GB address space. The Java Heap base address is the
#     maximum limit for the native heap growth. Please use -XX:HeapBaseMinAddress
#     to set the Java Heap base and to place the Java Heap above 4GB virtual address.
# This output file may be truncated or incomplete.
#
#  Out of Memory Error (allocation.cpp:389), pid=2688, tid=0x000000000000471c
#
# JRE version: Java(TM) SE Runtime Environment (8.0_301-b09) (build 1.8.0_301-b09)
# Java VM: Java HotSpot(TM) 64-Bit Server VM (25.301-b09 mixed mode windows-amd64 compressed oops)
# Failed to write core dump. Minidumps are not enabled by default on client versions of Windows
#

---------------  T H R E A D  ---------------

Current thread (0x000001aef47eb800):  JavaThread "C2 CompilerThread1" daemon [_thread_in_native, id=18204, stack(0x00000027d6000000,0x00000027d6100000)]

Stack: [0x00000027d6000000,0x00000027d6100000]
Native frames: (J=compiled Java code, j=interpreted, Vv=VM code, C=native code)
V  [jvm.dll+0x32ed79]
V  [jvm.dll+0x275722]
V  [jvm.dll+0x2763cd]
V  [jvm.dll+0x26ce05]
V  [jvm.dll+0xd551c]
V  [jvm.dll+0xd5d1c]
V  [jvm.dll+0x470143]
V  [jvm.dll+0x437c50]
V  [jvm.dll+0x440c55]
V  [jvm.dll+0x440015]
V  [jvm.dll+0x42ae57]
V  [jvm.dll+0xac1bb]
V  [jvm.dll+0xaa81b]
V  [jvm.dll+0x23ddc2]
V  [jvm.dll+0x2923dc]
C  [ucrtbase.dll+0x21bb2]
C  [KERNEL32.DLL+0x17034]
C  [ntdll.dll+0x52651]


Current CompileTask:
C2:   2770 1571       4       java.net.URLClassLoader$1::run (5 bytes)


---------------  P R O C E S S  ---------------

Java Threads: ( => current thread )
  0x000001aef6677000 JavaThread "Service Thread" daemon [_thread_blocked, id=6280, stack(0x00000027d6300000,0x00000027d6400000)]
  0x000001aef47ed800 JavaThread "C1 CompilerThread3" daemon [_thread_blocked, id=9348, stack(0x00000027d6200000,0x00000027d6300000)]
  0x000001aef47ec800 JavaThread "C2 CompilerThread2" daemon [_thread_in_native, id=13772, stack(0x00000027d6100000,0x00000027d6200000)]
=>0x000001aef47eb800 JavaThread "C2 CompilerThread1" daemon [_thread_in_native, id=18204, stack(0x00000027d6000000,0x00000027d6100000)]
  0x000001aef47e0800 JavaThread "C2 CompilerThread0" daemon [_thread_in_vm, id=7972, stack(0x00000027d5f00000,0x00000027d6000000)]
  0x000001aef47d6800 JavaThread "Monitor Ctrl-Break" daemon [_thread_in_native, id=14068, stack(0x00000027d5e00000,0x00000027d5f00000)]
  0x000001aef476d000 JavaThread "Attach Listener" daemon [_thread_blocked, id=10736, stack(0x00000027d5d00000,0x00000027d5e00000)]
  0x000001aef476c000 JavaThread "Signal Dispatcher" daemon [_thread_blocked, id=12976, stack(0x00000027d5c00000,0x00000027d5d00000)]
  0x000001aef4746000 JavaThread "Finalizer" daemon [_thread_blocked, id=10096, stack(0x00000027d5b00000,0x00000027d5c00000)]
  0x000001aef473f000 JavaThread "Reference Handler" daemon [_thread_blocked, id=13412, stack(0x00000027d5a00000,0x00000027d5b00000)]
  0x000001aeefbf7000 JavaThread "main" [_thread_in_native, id=13600, stack(0x00000027d5000000,0x00000027d5100000)]

Other Threads:
  0x000001aef4715000 VMThread [stack: 0x00000027d5900000,0x00000027d5a00000] [id=4876]
  0x000001aef668b000 WatcherThread [stack: 0x00000027d6400000,0x00000027d6500000] [id=3784]

VM state:not at safepoint (normal execution)

VM Mutex/Monitor currently owned by a thread: None

heap address: 0x00000000c1c00000, size: 996 MB, Compressed Oops mode: 32-bit
Narrow klass base: 0x0000000000000000, Narrow klass shift: 3
Compressed class space size: 1073741824 Address: 0x0000000100000000

Heap:
 PSYoungGen      total 35328K, used 15656K [0x00000000eb400000, 0x00000000ed900000, 0x0000000100000000)
  eden space 32768K, 40% used [0x00000000eb400000,0x00000000ec0cdfb8,0x00000000ed400000)
  from space 2560K, 99% used [0x00000000ed400000,0x00000000ed67c050,0x00000000ed680000)
  to   space 2560K, 0% used [0x00000000ed680000,0x00000000ed680000,0x00000000ed900000)
 ParOldGen       total 44032K, used 8749K [0x00000000c1c00000, 0x00000000c4700000, 0x00000000eb400000)
  object space 44032K, 19% used [0x00000000c1c00000,0x00000000c248b7d8,0x00000000c4700000)
 Metaspace       used 15561K, capacity 15830K, committed 16128K, reserved 1062912K
  class space    used 1886K, capacity 1974K, committed 2048K, reserved 1048576K

Card table byte_map: [0x000001aef1860000,0x000001aef1a60000] byte_map_base: 0x000001aef1252000

Marking Bits: (ParMarkBitMap*) 0x0000000054ca7fe0
 Begin Bits: [0x000001aef1bb0000, 0x000001aef2b40000)
 End Bits:   [0x000001aef2b40000, 0x000001aef3ad0000)

Polling page: 0x000001aef1470000

CodeCache: size=245760Kb used=6740Kb max_used=6750Kb free=239019Kb
 bounds [0x000001ae80000000, 0x000001ae806a0000, 0x000001ae8f000000]
 total_blobs=2303 nmethods=1934 adapters=281
 compilation: enabled

Compilation events (10 events):
Event: 2.627 Thread 0x000001aef47ed800 1866       3       java.lang.String::subSequence (7 bytes)
Event: 2.627 Thread 0x000001aef47ed800 nmethod 1866 0x000001ae80647f50 code [0x000001ae806480c0, 0x000001ae806482d0]
Event: 2.627 Thread 0x000001aef47ed800 1869       1       org.apache.maven.model.Parent::getVersion (5 bytes)
Event: 2.627 Thread 0x000001aef47ed800 nmethod 1869 0x000001ae80656250 code [0x000001ae806563a0, 0x000001ae806564b8]
Event: 2.627 Thread 0x000001aef47ed800 1865       1       java.util.Formatter$FixedString::index (3 bytes)
Event: 2.627 Thread 0x000001aef47ed800 nmethod 1865 0x000001ae80655f90 code [0x000001ae806560e0, 0x000001ae806561f8]
Event: 2.627 Thread 0x000001aef47ed800 1867       1       java.util.Formatter$FormatSpecifier::index (5 bytes)
Event: 2.627 Thread 0x000001aef47ed800 nmethod 1867 0x000001ae80655cd0 code [0x000001ae80655e20, 0x000001ae80655f38]
Event: 2.627 Thread 0x000001aef47ed800 1864       1       org.apache.maven.model.Profile::getActivation (5 bytes)
Event: 2.627 Thread 0x000001aef47ed800 nmethod 1864 0x000001ae80655a10 code [0x000001ae80655b60, 0x000001ae80655c78]

GC Heap History (10 events):
Event: 1.171 GC heap before
{Heap before GC invocations=1 (full 0):
 PSYoungGen      total 18944K, used 16384K [0x00000000eb400000, 0x00000000ec900000, 0x0000000100000000)
  eden space 16384K, 100% used [0x00000000eb400000,0x00000000ec400000,0x00000000ec400000)
  from space 2560K, 0% used [0x00000000ec680000,0x00000000ec680000,0x00000000ec900000)
  to   space 2560K, 0% used [0x00000000ec400000,0x00000000ec400000,0x00000000ec680000)
 ParOldGen       total 44032K, used 0K [0x00000000c1c00000, 0x00000000c4700000, 0x00000000eb400000)
  object space 44032K, 0% used [0x00000000c1c00000,0x00000000c1c00000,0x00000000c4700000)
 Metaspace       used 6870K, capacity 7004K, committed 7296K, reserved 1056768K
  class space    used 759K, capacity 824K, committed 896K, reserved 1048576K
Event: 1.177 GC heap after
Heap after GC invocations=1 (full 0):
 PSYoungGen      total 18944K, used 2549K [0x00000000eb400000, 0x00000000ec900000, 0x0000000100000000)
  eden space 16384K, 0% used [0x00000000eb400000,0x00000000eb400000,0x00000000ec400000)
  from space 2560K, 99% used [0x00000000ec400000,0x00000000ec67d730,0x00000000ec680000)
  to   space 2560K, 0% used [0x00000000ec680000,0x00000000ec680000,0x00000000ec900000)
 ParOldGen       total 44032K, used 399K [0x00000000c1c00000, 0x00000000c4700000, 0x00000000eb400000)
  object space 44032K, 0% used [0x00000000c1c00000,0x00000000c1c63e28,0x00000000c4700000)
 Metaspace       used 6870K, capacity 7004K, committed 7296K, reserved 1056768K
  class space    used 759K, capacity 824K, committed 896K, reserved 1048576K
}
Event: 1.465 GC heap before
{Heap before GC invocations=2 (full 0):
 PSYoungGen      total 18944K, used 18933K [0x00000000eb400000, 0x00000000ec900000, 0x0000000100000000)
  eden space 16384K, 100% used [0x00000000eb400000,0x00000000ec400000,0x00000000ec400000)
  from space 2560K, 99% used [0x00000000ec400000,0x00000000ec67d730,0x00000000ec680000)
  to   space 2560K, 0% used [0x00000000ec680000,0x00000000ec680000,0x00000000ec900000)
 ParOldGen       total 44032K, used 399K [0x00000000c1c00000, 0x00000000c4700000, 0x00000000eb400000)
  object space 44032K, 0% used [0x00000000c1c00000,0x00000000c1c63e28,0x00000000c4700000)
 Metaspace       used 8709K, capacity 8860K, committed 9088K, reserved 1056768K
  class space    used 1041K, capacity 1080K, committed 1152K, reserved 1048576K
Event: 1.470 GC heap after
Heap after GC invocations=2 (full 0):
 PSYoungGen      total 18944K, used 2548K [0x00000000eb400000, 0x00000000ed900000, 0x0000000100000000)
  eden space 16384K, 0% used [0x00000000eb400000,0x00000000eb400000,0x00000000ec400000)
  from space 2560K, 99% used [0x00000000ec680000,0x00000000ec8fd1d0,0x00000000ec900000)
  to   space 2560K, 0% used [0x00000000ec400000,0x00000000ec400000,0x00000000ec680000)
 ParOldGen       total 44032K, used 1410K [0x00000000c1c00000, 0x00000000c4700000, 0x00000000eb400000)
  object space 44032K, 3% used [0x00000000c1c00000,0x00000000c1d60888,0x00000000c4700000)
 Metaspace       used 8709K, capacity 8860K, committed 9088K, reserved 1056768K
  class space    used 1041K, capacity 1080K, committed 1152K, reserved 1048576K
}
Event: 1.717 GC heap before
{Heap before GC invocations=3 (full 0):
 PSYoungGen      total 18944K, used 18932K [0x00000000eb400000, 0x00000000ed900000, 0x0000000100000000)
  eden space 16384K, 100% used [0x00000000eb400000,0x00000000ec400000,0x00000000ec400000)
  from space 2560K, 99% used [0x00000000ec680000,0x00000000ec8fd1d0,0x00000000ec900000)
  to   space 2560K, 0% used [0x00000000ec400000,0x00000000ec400000,0x00000000ec680000)
 ParOldGen       total 44032K, used 1410K [0x00000000c1c00000, 0x00000000c4700000, 0x00000000eb400000)
  object space 44032K, 3% used [0x00000000c1c00000,0x00000000c1d60888,0x00000000c4700000)
 Metaspace       used 9710K, capacity 9874K, committed 9984K, reserved 1058816K
  class space    used 1168K, capacity 1244K, committed 1280K, reserved 1048576K
Event: 1.721 GC heap after
Heap after GC invocations=3 (full 0):
 PSYoungGen      total 18944K, used 2535K [0x00000000eb400000, 0x00000000ed900000, 0x0000000100000000)
  eden space 16384K, 0% used [0x00000000eb400000,0x00000000eb400000,0x00000000ec400000)
  from space 2560K, 99% used [0x00000000ec400000,0x00000000ec679d40,0x00000000ec680000)
  to   space 2560K, 0% used [0x00000000ed680000,0x00000000ed680000,0x00000000ed900000)
 ParOldGen       total 44032K, used 2698K [0x00000000c1c00000, 0x00000000c4700000, 0x00000000eb400000)
  object space 44032K, 6% used [0x00000000c1c00000,0x00000000c1ea29e8,0x00000000c4700000)
 Metaspace       used 9710K, capacity 9874K, committed 9984K, reserved 1058816K
  class space    used 1168K, capacity 1244K, committed 1280K, reserved 1048576K
}
Event: 1.864 GC heap before
{Heap before GC invocations=4 (full 0):
 PSYoungGen      total 18944K, used 18919K [0x00000000eb400000, 0x00000000ed900000, 0x0000000100000000)
  eden space 16384K, 100% used [0x00000000eb400000,0x00000000ec400000,0x00000000ec400000)
  from space 2560K, 99% used [0x00000000ec400000,0x00000000ec679d40,0x00000000ec680000)
  to   space 2560K, 0% used [0x00000000ed680000,0x00000000ed680000,0x00000000ed900000)
 ParOldGen       total 44032K, used 2698K [0x00000000c1c00000, 0x00000000c4700000, 0x00000000eb400000)
  object space 44032K, 6% used [0x00000000c1c00000,0x00000000c1ea29e8,0x00000000c4700000)
 Metaspace       used 11251K, capacity 11434K, committed 11776K, reserved 1058816K
  class space    used 1368K, capacity 1446K, committed 1536K, reserved 1048576K
Event: 1.869 GC heap after
Heap after GC invocations=4 (full 0):
 PSYoungGen      total 35328K, used 2528K [0x00000000eb400000, 0x00000000ed900000, 0x0000000100000000)
  eden space 32768K, 0% used [0x00000000eb400000,0x00000000eb400000,0x00000000ed400000)
  from space 2560K, 98% used [0x00000000ed680000,0x00000000ed8f8020,0x00000000ed900000)
  to   space 2560K, 0% used [0x00000000ed400000,0x00000000ed400000,0x00000000ed680000)
 ParOldGen       total 44032K, used 4595K [0x00000000c1c00000, 0x00000000c4700000, 0x00000000eb400000)
  object space 44032K, 10% used [0x00000000c1c00000,0x00000000c207cf58,0x00000000c4700000)
 Metaspace       used 11251K, capacity 11434K, committed 11776K, reserved 1058816K
  class space    used 1368K, capacity 1446K, committed 1536K, reserved 1048576K
}
Event: 2.385 GC heap before
{Heap before GC invocations=5 (full 0):
 PSYoungGen      total 35328K, used 35296K [0x00000000eb400000, 0x00000000ed900000, 0x0000000100000000)
  eden space 32768K, 100% used [0x00000000eb400000,0x00000000ed400000,0x00000000ed400000)
  from space 2560K, 98% used [0x00000000ed680000,0x00000000ed8f8020,0x00000000ed900000)
  to   space 2560K, 0% used [0x00000000ed400000,0x00000000ed400000,0x00000000ed680000)
 ParOldGen       total 44032K, used 4595K [0x00000000c1c00000, 0x00000000c4700000, 0x00000000eb400000)
  object space 44032K, 10% used [0x00000000c1c00000,0x00000000c207cf58,0x00000000c4700000)
 Metaspace       used 14910K, capacity 15166K, committed 15232K, reserved 1062912K
  class space    used 1838K, capacity 1906K, committed 1920K, reserved 1048576K
Event: 2.397 GC heap after
Heap after GC invocations=5 (full 0):
 PSYoungGen      total 35328K, used 2544K [0x00000000eb400000, 0x00000000ed900000, 0x0000000100000000)
  eden space 32768K, 0% used [0x00000000eb400000,0x00000000eb400000,0x00000000ed400000)
  from space 2560K, 99% used [0x00000000ed400000,0x00000000ed67c050,0x00000000ed680000)
  to   space 2560K, 0% used [0x00000000ed680000,0x00000000ed680000,0x00000000ed900000)
 ParOldGen       total 44032K, used 8749K [0x00000000c1c00000, 0x00000000c4700000, 0x00000000eb400000)
  object space 44032K, 19% used [0x00000000c1c00000,0x00000000c248b7d8,0x00000000c4700000)
 Metaspace       used 14910K, capacity 15166K, committed 15232K, reserved 1062912K
  class space    used 1838K, capacity 1906K, committed 1920K, reserved 1048576K
}

Deoptimization events (10 events):
Event: 2.209 Thread 0x000001aeefbf7000 Uncommon trap: reason=unstable_if action=reinterpret pc=0x000001ae805366d0 method=org.eclipse.sisu.inject.InjectorBindings.isAssignableFrom(Lcom/google/inject/TypeLiteral;Lcom/google/inject/Binding;)Z @ 14
Event: 2.210 Thread 0x000001aeefbf7000 Uncommon trap: reason=null_check action=make_not_entrant pc=0x000001ae8021e1f0 method=java.lang.String.equals(Ljava/lang/Object;)Z @ 8
Event: 2.329 Thread 0x000001aeefbf7000 Uncommon trap: reason=unstable_if action=reinterpret pc=0x000001ae802523d0 method=java.lang.AbstractStringBuilder.append(Ljava/lang/String;)Ljava/lang/AbstractStringBuilder; @ 1
Event: 2.377 Thread 0x000001aeefbf7000 Uncommon trap: reason=unstable_if action=reinterpret pc=0x000001ae80208f70 method=java.lang.String.replace(CC)Ljava/lang/String; @ 2
Event: 2.499 Thread 0x000001aeefbf7000 Uncommon trap: reason=unstable_if action=reinterpret pc=0x000001ae801eb7c8 method=java.lang.AbstractStringBuilder.append(Ljava/lang/String;)Ljava/lang/AbstractStringBuilder; @ 1
Event: 2.585 Thread 0x000001aeefbf7000 Uncommon trap: reason=null_check action=make_not_entrant pc=0x000001ae80639460 method=org.apache.maven.model.io.xpp3.MavenXpp3ReaderEx.checkFieldWithDuplicate(Lorg/codehaus/plexus/util/xml/pull/XmlPullParser;Ljava/lang/String;Ljava/lang/String;Ljava/util/
Event: 2.585 Thread 0x000001aeefbf7000 Uncommon trap: reason=unstable_if action=reinterpret pc=0x000001ae805bc6bc method=org.codehaus.plexus.util.xml.pull.MXParser.nextImpl()I @ 879
Event: 2.608 Thread 0x000001aeefbf7000 Uncommon trap: reason=unstable_if action=reinterpret pc=0x000001ae8061c678 method=java.lang.String.trim()Ljava/lang/String; @ 63
Event: 2.615 Thread 0x000001aeefbf7000 Uncommon trap: reason=unstable_if action=reinterpret pc=0x000001ae802c2684 method=sun.nio.cs.UTF_8$Decoder.decode([BII[C)I @ 30
Event: 2.616 Thread 0x000001aeefbf7000 Uncommon trap: reason=unstable_if action=reinterpret pc=0x000001ae802ce140 method=sun.nio.cs.UTF_8$Decoder.decodeArrayLoop(Ljava/nio/ByteBuffer;Ljava/nio/CharBuffer;)Ljava/nio/charset/CoderResult; @ 84

Classes redefined (0 events):
No events

Internal exceptions (10 events):
Event: 1.513 Thread 0x000001aeefbf7000 Exception <a 'java/lang/ArrayIndexOutOfBoundsException'> (0x00000000eb824910) thrown at [C:\jenkins\workspace\8-2-build-windows-amd64-cygwin\jdk8u301\1513\hotspot\src\share\vm\runtime\sharedRuntime.cpp, line 609]
Event: 1.516 Thread 0x000001aeefbf7000 Exception <a 'java/lang/ArrayIndexOutOfBoundsException'> (0x00000000eb829270) thrown at [C:\jenkins\workspace\8-2-build-windows-amd64-cygwin\jdk8u301\1513\hotspot\src\share\vm\runtime\sharedRuntime.cpp, line 609]
Event: 1.566 Thread 0x000001aeefbf7000 Exception <a 'java/lang/ArrayIndexOutOfBoundsException': 66> (0x00000000ebbcf878) thrown at [C:\jenkins\workspace\8-2-build-windows-amd64-cygwin\jdk8u301\1513\hotspot\src\share\vm\interpreter\interpreterRuntime.cpp, line 371]
Event: 2.130 Thread 0x000001aeefbf7000 Exception <a 'java/lang/NoClassDefFoundError': com/google/inject/servlet/ServletModuleTargetVisitor> (0x00000000ec8c2a68) thrown at [C:\jenkins\workspace\8-2-build-windows-amd64-cygwin\jdk8u301\1513\hotspot\src\share\vm\classfile\systemDictionary.cpp, lin
Event: 2.130 Thread 0x000001aeefbf7000 Exception <a 'java/lang/NoClassDefFoundError'> (0x00000000ec8c2a68) thrown at [C:\jenkins\workspace\8-2-build-windows-amd64-cygwin\jdk8u301\1513\hotspot\src\share\vm\prims\jvm.cpp, line 1527]
Event: 2.130 Thread 0x000001aeefbf7000 Exception <a 'java/lang/NoClassDefFoundError': javax/annotation/Priority> (0x00000000ec8c7a30) thrown at [C:\jenkins\workspace\8-2-build-windows-amd64-cygwin\jdk8u301\1513\hotspot\src\share\vm\classfile\systemDictionary.cpp, line 201]
Event: 2.210 Thread 0x000001aeefbf7000 Implicit null exception at 0x000001ae8021e018 to 0x000001ae8021e1e1
Event: 2.329 Thread 0x000001aeefbf7000 Implicit null exception at 0x000001ae80252016 to 0x000001ae802523b9
Event: 2.499 Thread 0x000001aeefbf7000 Implicit null exception at 0x000001ae801eb416 to 0x000001ae801eb7b1
Event: 2.585 Thread 0x000001aeefbf7000 Implicit null exception at 0x000001ae80638150 to 0x000001ae80639449

Events (10 events):
Event: 2.608 Thread 0x000001aeefbf7000 DEOPT PACKING pc=0x000001ae8061c678 sp=0x00000027d50fd730
Event: 2.608 Thread 0x000001aeefbf7000 DEOPT UNPACKING pc=0x000001ae80045843 sp=0x00000027d50fd6f0 mode 2
Event: 2.615 Thread 0x000001aeefbf7000 Uncommon trap: trap_request=0xffffff65 fr.pc=0x000001ae802c2684
Event: 2.615 Thread 0x000001aeefbf7000 DEOPT PACKING pc=0x000001ae802c2684 sp=0x00000027d50fd530
Event: 2.615 Thread 0x000001aeefbf7000 DEOPT UNPACKING pc=0x000001ae80045843 sp=0x00000027d50fd488 mode 2
Event: 2.616 Thread 0x000001aeefbf7000 Uncommon trap: trap_request=0xffffff65 fr.pc=0x000001ae802ce140
Event: 2.616 Thread 0x000001aeefbf7000 DEOPT PACKING pc=0x000001ae802ce140 sp=0x00000027d50fd480
Event: 2.616 Thread 0x000001aeefbf7000 DEOPT UNPACKING pc=0x000001ae80045843 sp=0x00000027d50fd3c8 mode 2
Event: 2.632 Thread 0x000001aeefbf7000 DEOPT PACKING pc=0x000001ae8065da5a sp=0x00000027d50fd210
Event: 2.703 Thread 0x000001aeefbf7000 DEOPT UNPACKING pc=0x000001ae80047898 sp=0x00000027d50fd090 mode 0


Dynamic libraries:
0x00007ff7ceff0000 - 0x00007ff7cf037000 	C:\Program Files\Java\jdk1.8.0_301\bin\java.exe
0x00007ff82ccd0000 - 0x00007ff82cec5000 	C:\WINDOWS\SYSTEM32\ntdll.dll
0x00007ff82c9a0000 - 0x00007ff82ca5e000 	C:\WINDOWS\System32\KERNEL32.DLL
0x00007ff82a820000 - 0x00007ff82aae9000 	C:\WINDOWS\System32\KERNELBASE.dll
0x00007ff82b290000 - 0x00007ff82b33c000 	C:\WINDOWS\System32\ADVAPI32.dll
0x00007ff82cbf0000 - 0x00007ff82cc8e000 	C:\WINDOWS\System32\msvcrt.dll
0x00007ff82c740000 - 0x00007ff82c7db000 	C:\WINDOWS\System32\sechost.dll
0x00007ff82b0b0000 - 0x00007ff82b1da000 	C:\WINDOWS\System32\RPCRT4.dll
0x00007ff82aea0000 - 0x00007ff82b041000 	C:\WINDOWS\System32\USER32.dll
0x00007ff82a6e0000 - 0x00007ff82a702000 	C:\WINDOWS\System32\win32u.dll
0x00007ff82cb20000 - 0x00007ff82cb4b000 	C:\WINDOWS\System32\GDI32.dll
0x00007ff82a710000 - 0x00007ff82a81b000 	C:\WINDOWS\System32\gdi32full.dll
0x00007ff82ac50000 - 0x00007ff82aced000 	C:\WINDOWS\System32\msvcp_win.dll
0x00007ff82a450000 - 0x00007ff82a550000 	C:\WINDOWS\System32\ucrtbase.dll
0x00007ff815780000 - 0x00007ff815a1a000 	C:\WINDOWS\WinSxS\amd64_microsoft.windows.common-controls_6595b64144ccf1df_6.0.19041.1110_none_60b5254171f9507e\COMCTL32.dll
0x00007ff82cb50000 - 0x00007ff82cb80000 	C:\WINDOWS\System32\IMM32.DLL
0x00007ff80b9a0000 - 0x00007ff80b9b5000 	C:\Program Files\Java\jdk1.8.0_301\jre\bin\vcruntime140.dll
0x00007ffffdd80000 - 0x00007ffffde1b000 	C:\Program Files\Java\jdk1.8.0_301\jre\bin\msvcp140.dll
0x00000000544c0000 - 0x0000000054d20000 	C:\Program Files\Java\jdk1.8.0_301\jre\bin\server\jvm.dll
0x00007ff82bad0000 - 0x00007ff82bad8000 	C:\WINDOWS\System32\PSAPI.DLL
0x00007ff820f40000 - 0x00007ff820f4a000 	C:\WINDOWS\SYSTEM32\VERSION.dll
0x00007ff81b430000 - 0x00007ff81b439000 	C:\WINDOWS\SYSTEM32\WSOCK32.dll
0x00007ff819db0000 - 0x00007ff819dd7000 	C:\WINDOWS\SYSTEM32\WINMM.dll
0x00007ff82cb80000 - 0x00007ff82cbeb000 	C:\WINDOWS\System32\WS2_32.dll
0x00007ff828c70000 - 0x00007ff828c82000 	C:\WINDOWS\SYSTEM32\kernel.appcore.dll
0x00007ff81f8f0000 - 0x00007ff81f900000 	C:\Program Files\Java\jdk1.8.0_301\jre\bin\verify.dll
0x00007ff80b7a0000 - 0x00007ff80b7cb000 	C:\Program Files\Java\jdk1.8.0_301\jre\bin\java.dll
0x00007ff801700000 - 0x00007ff801730000 	C:\Program Files\Java\jdk1.8.0_301\jre\bin\instrument.dll
0x00007ff80b1e0000 - 0x00007ff80b1f8000 	C:\Program Files\Java\jdk1.8.0_301\jre\bin\zip.dll
0x00007ff82bca0000 - 0x00007ff82c3df000 	C:\WINDOWS\System32\SHELL32.dll
0x00007ff827de0000 - 0x00007ff828570000 	C:\WINDOWS\SYSTEM32\windows.storage.dll
0x00007ff82c3e0000 - 0x00007ff82c735000 	C:\WINDOWS\System32\combase.dll
0x00007ff829e40000 - 0x00007ff829e6c000 	C:\WINDOWS\SYSTEM32\Wldp.dll
0x00007ff82b840000 - 0x00007ff82b8ee000 	C:\WINDOWS\System32\SHCORE.dll
0x00007ff82b050000 - 0x00007ff82b0a5000 	C:\WINDOWS\System32\shlwapi.dll
0x00007ff82a330000 - 0x00007ff82a34f000 	C:\WINDOWS\SYSTEM32\profapi.dll
0x00007ff802c90000 - 0x00007ff802caa000 	C:\Program Files\JetBrains\IntelliJ IDEA Community Edition 2021.2\bin\breakgen64.dll
0x00007ff803200000 - 0x00007ff80321c000 	C:\Program Files\Java\jdk1.8.0_301\jre\bin\net.dll
0x00007ff829ba0000 - 0x00007ff829c0a000 	C:\WINDOWS\system32\mswsock.dll
0x00007ff829d90000 - 0x00007ff829da8000 	C:\WINDOWS\SYSTEM32\CRYPTSP.dll
0x00007ff8294b0000 - 0x00007ff8294e4000 	C:\WINDOWS\system32\rsaenh.dll
0x00007ff82acf0000 - 0x00007ff82ad17000 	C:\WINDOWS\System32\bcrypt.dll
0x00007ff82a2b0000 - 0x00007ff82a2de000 	C:\WINDOWS\SYSTEM32\USERENV.dll
0x00007ff82a650000 - 0x00007ff82a6d3000 	C:\WINDOWS\System32\bcryptprimitives.dll
0x00007ff829db0000 - 0x00007ff829dbc000 	C:\WINDOWS\SYSTEM32\CRYPTBASE.dll
0x00007ff829840000 - 0x00007ff82987b000 	C:\WINDOWS\SYSTEM32\IPHLPAPI.DLL
0x00007ff82c990000 - 0x00007ff82c998000 	C:\WINDOWS\System32\NSI.dll
0x00007ff820b90000 - 0x00007ff820ba7000 	C:\WINDOWS\SYSTEM32\dhcpcsvc6.DLL
0x00007ff820b70000 - 0x00007ff820b8d000 	C:\WINDOWS\SYSTEM32\dhcpcsvc.DLL
0x00007ff829880000 - 0x00007ff82994c000 	C:\WINDOWS\SYSTEM32\DNSAPI.dll
0x00007ff803140000 - 0x00007ff803153000 	C:\Program Files\Java\jdk1.8.0_301\jre\bin\nio.dll
0x00007ff80b6d0000 - 0x00007ff80b6da000 	C:\Users\User\AppData\Local\Temp\jansi-1.17.1-3180250549282954380.dll
0x00007ff80b6c0000 - 0x00007ff80b6ca000 	C:\Users\User\AppData\Local\Temp\jansi-1.17.1-9125245558308485905.dll
0x00007ff828630000 - 0x00007ff828814000 	C:\WINDOWS\SYSTEM32\dbghelp.dll

VM Arguments:
jvm_args: -Dmaven.multiModuleProjectDirectory=C:\DO\nwu\AccountSystemTest -Dmaven.home=C:\Program Files\JetBrains\IntelliJ IDEA Community Edition 2021.2\plugins\maven\lib\maven3 -Dclassworlds.conf=C:\Program Files\JetBrains\IntelliJ IDEA Community Edition 2021.2\plugins\maven\lib\maven3\bin\m2.conf -Dmaven.ext.class.path=C:\Program Files\JetBrains\IntelliJ IDEA Community Edition 2021.2\plugins\maven\lib\maven-event-listener.jar -javaagent:C:\Program Files\JetBrains\IntelliJ IDEA Community Edition 2021.2\lib\idea_rt.jar=54729:C:\Program Files\JetBrains\IntelliJ IDEA Community Edition 2021.2\bin -Dfile.encoding=UTF-8 
java_command: org.codehaus.classworlds.Launcher -Didea.version=2021.2 -s C:\Program Files\apache-maven-3.8.2\conf\settings.xml clean install
java_class_path (initial): C:\Program Files\JetBrains\IntelliJ IDEA Community Edition 2021.2\plugins\maven\lib\maven3\boot\plexus-classworlds-2.6.0.jar;C:\Program Files\JetBrains\IntelliJ IDEA Community Edition 2021.2\plugins\maven\lib\maven3\boot\plexus-classworlds.license;C:\Program Files\JetBrains\IntelliJ IDEA Community Edition 2021.2\lib\idea_rt.jar
Launcher Type: SUN_STANDARD

Environment Variables:
PATH=C:\oraclexe\app\oracle\product\11.2.0\server\bin;C:\WINDOWS\system32;C:\WINDOWS;C:\WINDOWS\System32\Wbem;C:\WINDOWS\System32\WindowsPowerShell\v1.0\;C:\WINDOWS\System32\OpenSSH\;C:\Program Files\Git\cmd;C:\Program Files\JetBrains\IntelliJ IDEA Community Edition 2021.2\bin;C:\Program Files\Java\jdk1.8.0_301\bin;C:\Program Files\apache-maven-3.8.2\bin;C:\Program Files\dotnet\;C:\Program Files\Microsoft SQL Server\130\Tools\Binn\;C:\Program Files\Microsoft SQL Server\Client SDK\ODBC\170\Tools\Binn\;C:\Users\User\AppData\Local\Microsoft\WindowsApps;C:\Program Files\JetBrains\IntelliJ IDEA 2021.2\bin;;C:\Program Files\JetBrains\IntelliJ IDEA Community Edition 2021.2\bin;;C:\Program Files\JetBrains\IntelliJ IDEA Community Edition 2021.2\bin;C:\Program Files\Java\jdk1.8.0_301\bin;C:\Program Files\apache-maven-3.8.2\bin;C:\Users\User\.dotnet\tools
USERNAME=User
OS=Windows_NT
PROCESSOR_IDENTIFIER=Intel64 Family 6 Model 142 Stepping 10, GenuineIntel



---------------  S Y S T E M  ---------------

OS: Windows 10.0 , 64 bit Build 19041 (10.0.19041.1202)

CPU:total 8 (initial active 8) (4 cores per cpu, 2 threads per core) family 6 model 142 stepping 10, cmov, cx8, fxsr, mmx, sse, sse2, sse3, ssse3, sse4.1, sse4.2, popcnt, avx, avx2, aes, clmul, erms, 3dnowpref, lzcnt, ht, tsc, tscinvbit, bmi1, bmi2, adx

Memory: 4k page, physical 4075748k(159264k free), swap 16658660k(5908k free)

vm_info: Java HotSpot(TM) 64-Bit Server VM (25.301-b09) for windows-amd64 JRE (1.8.0_301-b09), built on Jun  9 2021 06:46:21 by "java_re" with MS VC++ 15.9 (VS2017)

time: Mon Sep 27 23:58:45 2021
timezone: South Africa Standard Time
elapsed time: 2.780833 seconds (0d 0h 0m 2s)

