#
# There is insufficient memory for the Java Runtime Environment to continue.
# Native memory allocation (malloc) failed to allocate 222896 bytes for Chunk::new
# Possible reasons:
#   The system is out of physical RAM or swap space
#   The process is running with CompressedOops enabled, and the Java Heap may be blocking the growth of the native heap
# Possible solutions:
#   Reduce memory load on the system
#   Increase physical memory or swap space
#   Check if swap backing store is full
#   Decrease Java heap size (-Xmx/-Xms)
#   Decrease number of Java threads
#   Decrease Java thread stack sizes (-Xss)
#   Set larger code cache with -XX:ReservedCodeCacheSize=
#   JVM is running with Unscaled Compressed Oops mode in which the Java heap is
#     placed in the first 4GB address space. The Java Heap base address is the
#     maximum limit for the native heap growth. Please use -XX:HeapBaseMinAddress
#     to set the Java Heap base and to place the Java Heap above 4GB virtual address.
# This output file may be truncated or incomplete.
#
#  Out of Memory Error (allocation.cpp:389), pid=12164, tid=0x00000000000005bc
#
# JRE version: Java(TM) SE Runtime Environment (8.0_301-b09) (build 1.8.0_301-b09)
# Java VM: Java HotSpot(TM) 64-Bit Server VM (25.301-b09 mixed mode windows-amd64 compressed oops)
# Failed to write core dump. Minidumps are not enabled by default on client versions of Windows
#

---------------  T H R E A D  ---------------

Current thread (0x000001bdedde0000):  JavaThread "C2 CompilerThread2" daemon [_thread_in_native, id=1468, stack(0x000000abf0100000,0x000000abf0200000)]

Stack: [0x000000abf0100000,0x000000abf0200000]
Native frames: (J=compiled Java code, j=interpreted, Vv=VM code, C=native code)
V  [jvm.dll+0x32ed79]
V  [jvm.dll+0x275722]
V  [jvm.dll+0x2763cd]
V  [jvm.dll+0x26ce05]
V  [jvm.dll+0xd551c]
V  [jvm.dll+0xd5d1c]
V  [jvm.dll+0x470195]
V  [jvm.dll+0x437c50]
V  [jvm.dll+0x440c55]
V  [jvm.dll+0x440015]
V  [jvm.dll+0x42ae57]
V  [jvm.dll+0xac1bb]
V  [jvm.dll+0xaa81b]
V  [jvm.dll+0x23ddc2]
V  [jvm.dll+0x2923dc]
C  [ucrtbase.dll+0x21bb2]
C  [KERNEL32.DLL+0x17034]
C  [ntdll.dll+0x52651]


Current CompileTask:
C2:  25949 5372       4       sun.reflect.generics.parser.SignatureParser::parseFieldTypeSignature (73 bytes)


---------------  P R O C E S S  ---------------

Java Threads: ( => current thread )
  0x000001bdf0e15800 JavaThread "DestroyJavaVM" [_thread_blocked, id=9900, stack(0x000000abef000000,0x000000abef100000)]
  0x000001bdf1e0a000 JavaThread "http-nio-8090-Acceptor" daemon [_thread_in_native, id=9524, stack(0x000000abf1600000,0x000000abf1700000)]
  0x000001bdf1e09800 JavaThread "http-nio-8090-ClientPoller" daemon [_thread_in_native, id=18288, stack(0x000000abf1500000,0x000000abf1600000)]
  0x000001bdf1e06800 JavaThread "http-nio-8090-exec-10" daemon [_thread_blocked, id=10968, stack(0x000000abf1400000,0x000000abf1500000)]
  0x000001bdf1e05000 JavaThread "http-nio-8090-exec-9" daemon [_thread_blocked, id=19084, stack(0x000000abf1300000,0x000000abf1400000)]
  0x000001bdf1e08800 JavaThread "http-nio-8090-exec-8" daemon [_thread_blocked, id=9200, stack(0x000000abf1200000,0x000000abf1300000)]
  0x000001bdf1e08000 JavaThread "http-nio-8090-exec-7" daemon [_thread_blocked, id=6508, stack(0x000000abf1100000,0x000000abf1200000)]
  0x000001bdf1e03800 JavaThread "http-nio-8090-exec-6" daemon [_thread_blocked, id=18824, stack(0x000000abf1000000,0x000000abf1100000)]
  0x000001bdf1e05800 JavaThread "http-nio-8090-exec-5" daemon [_thread_blocked, id=16176, stack(0x000000abf0f00000,0x000000abf1000000)]
  0x000001bdf1e07000 JavaThread "http-nio-8090-exec-4" daemon [_thread_blocked, id=13360, stack(0x000000abf0e00000,0x000000abf0f00000)]
  0x000001bdf1e04000 JavaThread "http-nio-8090-exec-3" daemon [_thread_blocked, id=17100, stack(0x000000abf0d00000,0x000000abf0e00000)]
  0x000001bdef25e800 JavaThread "http-nio-8090-exec-2" daemon [_thread_blocked, id=17912, stack(0x000000abf0c00000,0x000000abf0d00000)]
  0x000001bdef25d000 JavaThread "http-nio-8090-exec-1" daemon [_thread_blocked, id=9684, stack(0x000000abf0b00000,0x000000abf0c00000)]
  0x000001bdef25b800 JavaThread "http-nio-8090-BlockPoller" daemon [_thread_in_native, id=2428, stack(0x000000abf0a00000,0x000000abf0b00000)]
  0x000001bdef25a800 JavaThread "HikariPool-1 housekeeper" daemon [_thread_blocked, id=15492, stack(0x000000abf0900000,0x000000abf0a00000)]
  0x000001bdef25d800 JavaThread "container-0" [_thread_blocked, id=5836, stack(0x000000abf0700000,0x000000abf0800000)]
  0x000001bdef25c000 JavaThread "Catalina-utility-2" [_thread_blocked, id=9876, stack(0x000000abf0600000,0x000000abf0700000)]
  0x000001bdef25a000 JavaThread "Catalina-utility-1" [_thread_blocked, id=14664, stack(0x000000abf0500000,0x000000abf0600000)]
  0x000001bdedea2800 JavaThread "Service Thread" daemon [_thread_blocked, id=6812, stack(0x000000abf0300000,0x000000abf0400000)]
  0x000001bdeddee800 JavaThread "C1 CompilerThread3" daemon [_thread_blocked, id=1772, stack(0x000000abf0200000,0x000000abf0300000)]
=>0x000001bdedde0000 JavaThread "C2 CompilerThread2" daemon [_thread_in_native, id=1468, stack(0x000000abf0100000,0x000000abf0200000)]
  0x000001bdedddc000 JavaThread "C2 CompilerThread1" daemon [_thread_blocked, id=13444, stack(0x000000abf0000000,0x000000abf0100000)]
  0x000001bdeddda800 JavaThread "C2 CompilerThread0" daemon [_thread_blocked, id=8016, stack(0x000000abeff00000,0x000000abf0000000)]
  0x000001bdedda2000 JavaThread "Monitor Ctrl-Break" daemon [_thread_in_native, id=12240, stack(0x000000abefe00000,0x000000abeff00000)]
  0x000001bdebb8e000 JavaThread "Attach Listener" daemon [_thread_blocked, id=6248, stack(0x000000abefd00000,0x000000abefe00000)]
  0x000001bdebb8d000 JavaThread "Signal Dispatcher" daemon [_thread_blocked, id=12872, stack(0x000000abefc00000,0x000000abefd00000)]
  0x000001bdebb66800 JavaThread "Finalizer" daemon [_thread_blocked, id=17736, stack(0x000000abefb00000,0x000000abefc00000)]
  0x000001bdebb5e800 JavaThread "Reference Handler" daemon [_thread_blocked, id=7096, stack(0x000000abefa00000,0x000000abefb00000)]

Other Threads:
  0x000001bdebb34000 VMThread [stack: 0x000000abef900000,0x000000abefa00000] [id=13828]
  0x000001bdedf2d000 WatcherThread [stack: 0x000000abf0400000,0x000000abf0500000] [id=8424]

VM state:not at safepoint (normal execution)

VM Mutex/Monitor currently owned by a thread: None

heap address: 0x00000000c1c00000, size: 996 MB, Compressed Oops mode: 32-bit
Narrow klass base: 0x0000000000000000, Narrow klass shift: 3
Compressed class space size: 1073741824 Address: 0x0000000100000000

Heap:
 PSYoungGen      total 211968K, used 145221K [0x00000000eb400000, 0x00000000f9280000, 0x0000000100000000)
  eden space 196096K, 74% used [0x00000000eb400000,0x00000000f41d15a0,0x00000000f7380000)
  from space 15872K, 0% used [0x00000000f7380000,0x00000000f7380000,0x00000000f8300000)
  to   space 12800K, 0% used [0x00000000f8580000,0x00000000f8580000,0x00000000f9200000)
 ParOldGen       total 72192K, used 27125K [0x00000000c1c00000, 0x00000000c6280000, 0x00000000eb400000)
  object space 72192K, 37% used [0x00000000c1c00000,0x00000000c367d408,0x00000000c6280000)
 Metaspace       used 63544K, capacity 66136K, committed 66344K, reserved 1105920K
  class space    used 8721K, capacity 9145K, committed 9264K, reserved 1048576K

Card table byte_map: [0x000001bde8c90000,0x000001bde8e90000] byte_map_base: 0x000001bde8682000

Marking Bits: (ParMarkBitMap*) 0x0000000054ca7fe0
 Begin Bits: [0x000001bde8fe0000, 0x000001bde9f70000)
 End Bits:   [0x000001bde9f70000, 0x000001bdeaf00000)

Polling page: 0x000001bdd8030000

CodeCache: size=245760Kb used=16883Kb max_used=18532Kb free=228876Kb
 bounds [0x000001bdd98d0000, 0x000001bddab10000, 0x000001bde88d0000]
 total_blobs=5143 nmethods=4556 adapters=498
 compilation: enabled

Compilation events (10 events):
Event: 25.857 Thread 0x000001bdedddc000 nmethod 5399 0x000001bdda0d3c10 code [0x000001bdda0d3d60, 0x000001bdda0d3f98]
Event: 25.857 Thread 0x000001bdedddc000 5400       4       java.util.AbstractList::<init> (10 bytes)
Event: 25.858 Thread 0x000001bdedddc000 nmethod 5400 0x000001bdd9b7f150 code [0x000001bdd9b7f280, 0x000001bdd9b7f2d8]
Event: 25.858 Thread 0x000001bdeddee800 5402       3       com.fasterxml.jackson.databind.introspect.AnnotatedMethodCollector::_isIncludableMemberMethod (43 bytes)
Event: 25.859 Thread 0x000001bdeddee800 nmethod 5402 0x000001bdd9d31350 code [0x000001bdd9d31520, 0x000001bdd9d31f50]
Event: 25.860 Thread 0x000001bdeddee800 5404       3       java.nio.channels.spi.AbstractInterruptibleChannel::blockedOn (13 bytes)
Event: 25.860 Thread 0x000001bdeddee800 nmethod 5404 0x000001bdd9bfd150 code [0x000001bdd9bfd2e0, 0x000001bdd9bfd7d8]
Event: 25.860 Thread 0x000001bdeddee800 5403       1       com.fasterxml.jackson.databind.cfg.BaseSettings::getClassIntrospector (5 bytes)
Event: 25.860 Thread 0x000001bdeddee800 nmethod 5403 0x000001bdd9e46f50 code [0x000001bdd9e470a0, 0x000001bdd9e471b8]
Event: 25.868 Thread 0x000001bdeddda800 nmethod 5392 0x000001bdda020f10 code [0x000001bdda0210e0, 0x000001bdda021fc0]

GC Heap History (10 events):
Event: 5.383 GC heap before
{Heap before GC invocations=12 (full 1):
 PSYoungGen      total 150528K, used 26829K [0x00000000eb400000, 0x00000000f7300000, 0x0000000100000000)
  eden space 140800K, 12% used [0x00000000eb400000,0x00000000ec4b59a0,0x00000000f3d80000)
  from space 9728K, 99% used [0x00000000f4a00000,0x00000000f537dc00,0x00000000f5380000)
  to   space 12800K, 0% used [0x00000000f3d80000,0x00000000f3d80000,0x00000000f4a00000)
 ParOldGen       total 34304K, used 13843K [0x00000000c1c00000, 0x00000000c3d80000, 0x00000000eb400000)
  object space 34304K, 40% used [0x00000000c1c00000,0x00000000c2984d80,0x00000000c3d80000)
 Metaspace       used 33886K, capacity 35344K, committed 35496K, reserved 1079296K
  class space    used 4386K, capacity 4663K, committed 4784K, reserved 1048576K
Event: 5.391 GC heap after
Heap after GC invocations=12 (full 1):
 PSYoungGen      total 153600K, used 478K [0x00000000eb400000, 0x00000000f9200000, 0x0000000100000000)
  eden space 140800K, 0% used [0x00000000eb400000,0x00000000eb400000,0x00000000f3d80000)
  from space 12800K, 3% used [0x00000000f3d80000,0x00000000f3df7bc8,0x00000000f4a00000)
  to   space 12800K, 0% used [0x00000000f8580000,0x00000000f8580000,0x00000000f9200000)
 ParOldGen       total 34304K, used 20960K [0x00000000c1c00000, 0x00000000c3d80000, 0x00000000eb400000)
  object space 34304K, 61% used [0x00000000c1c00000,0x00000000c3078380,0x00000000c3d80000)
 Metaspace       used 33886K, capacity 35344K, committed 35496K, reserved 1079296K
  class space    used 4386K, capacity 4663K, committed 4784K, reserved 1048576K
}
Event: 5.391 GC heap before
{Heap before GC invocations=13 (full 2):
 PSYoungGen      total 153600K, used 478K [0x00000000eb400000, 0x00000000f9200000, 0x0000000100000000)
  eden space 140800K, 0% used [0x00000000eb400000,0x00000000eb400000,0x00000000f3d80000)
  from space 12800K, 3% used [0x00000000f3d80000,0x00000000f3df7bc8,0x00000000f4a00000)
  to   space 12800K, 0% used [0x00000000f8580000,0x00000000f8580000,0x00000000f9200000)
 ParOldGen       total 34304K, used 20960K [0x00000000c1c00000, 0x00000000c3d80000, 0x00000000eb400000)
  object space 34304K, 61% used [0x00000000c1c00000,0x00000000c3078380,0x00000000c3d80000)
 Metaspace       used 33886K, capacity 35344K, committed 35496K, reserved 1079296K
  class space    used 4386K, capacity 4663K, committed 4784K, reserved 1048576K
Event: 5.447 GC heap after
Heap after GC invocations=13 (full 2):
 PSYoungGen      total 153600K, used 0K [0x00000000eb400000, 0x00000000f9200000, 0x0000000100000000)
  eden space 140800K, 0% used [0x00000000eb400000,0x00000000eb400000,0x00000000f3d80000)
  from space 12800K, 0% used [0x00000000f3d80000,0x00000000f3d80000,0x00000000f4a00000)
  to   space 12800K, 0% used [0x00000000f8580000,0x00000000f8580000,0x00000000f9200000)
 ParOldGen       total 49152K, used 14080K [0x00000000c1c00000, 0x00000000c4c00000, 0x00000000eb400000)
  object space 49152K, 28% used [0x00000000c1c00000,0x00000000c29c0150,0x00000000c4c00000)
 Metaspace       used 33886K, capacity 35344K, committed 35496K, reserved 1079296K
  class space    used 4386K, capacity 4663K, committed 4784K, reserved 1048576K
}
Event: 8.709 GC heap before
{Heap before GC invocations=14 (full 2):
 PSYoungGen      total 153600K, used 140800K [0x00000000eb400000, 0x00000000f9200000, 0x0000000100000000)
  eden space 140800K, 100% used [0x00000000eb400000,0x00000000f3d80000,0x00000000f3d80000)
  from space 12800K, 0% used [0x00000000f3d80000,0x00000000f3d80000,0x00000000f4a00000)
  to   space 12800K, 0% used [0x00000000f8580000,0x00000000f8580000,0x00000000f9200000)
 ParOldGen       total 49152K, used 14080K [0x00000000c1c00000, 0x00000000c4c00000, 0x00000000eb400000)
  object space 49152K, 28% used [0x00000000c1c00000,0x00000000c29c0150,0x00000000c4c00000)
 Metaspace       used 48360K, capacity 50020K, committed 50344K, reserved 1093632K
  class space    used 6424K, capacity 6735K, committed 6832K, reserved 1048576K
Event: 8.723 GC heap after
Heap after GC invocations=14 (full 2):
 PSYoungGen      total 208896K, used 12790K [0x00000000eb400000, 0x00000000f9280000, 0x0000000100000000)
  eden space 196096K, 0% used [0x00000000eb400000,0x00000000eb400000,0x00000000f7380000)
  from space 12800K, 99% used [0x00000000f8580000,0x00000000f91fdbf8,0x00000000f9200000)
  to   space 15872K, 0% used [0x00000000f7380000,0x00000000f7380000,0x00000000f8300000)
 ParOldGen       total 49152K, used 16235K [0x00000000c1c00000, 0x00000000c4c00000, 0x00000000eb400000)
  object space 49152K, 33% used [0x00000000c1c00000,0x00000000c2bdafb8,0x00000000c4c00000)
 Metaspace       used 48360K, capacity 50020K, committed 50344K, reserved 1093632K
  class space    used 6424K, capacity 6735K, committed 6832K, reserved 1048576K
}
Event: 10.231 GC heap before
{Heap before GC invocations=15 (full 2):
 PSYoungGen      total 208896K, used 134875K [0x00000000eb400000, 0x00000000f9280000, 0x0000000100000000)
  eden space 196096K, 62% used [0x00000000eb400000,0x00000000f2b39138,0x00000000f7380000)
  from space 12800K, 99% used [0x00000000f8580000,0x00000000f91fdbf8,0x00000000f9200000)
  to   space 15872K, 0% used [0x00000000f7380000,0x00000000f7380000,0x00000000f8300000)
 ParOldGen       total 49152K, used 16235K [0x00000000c1c00000, 0x00000000c4c00000, 0x00000000eb400000)
  object space 49152K, 33% used [0x00000000c1c00000,0x00000000c2bdafb8,0x00000000c4c00000)
 Metaspace       used 56878K, capacity 59044K, committed 59160K, reserved 1099776K
  class space    used 7741K, capacity 8107K, committed 8112K, reserved 1048576K
Event: 10.251 GC heap after
Heap after GC invocations=15 (full 2):
 PSYoungGen      total 211968K, used 9771K [0x00000000eb400000, 0x00000000f9280000, 0x0000000100000000)
  eden space 196096K, 0% used [0x00000000eb400000,0x00000000eb400000,0x00000000f7380000)
  from space 15872K, 61% used [0x00000000f7380000,0x00000000f7d0ac60,0x00000000f8300000)
  to   space 12800K, 0% used [0x00000000f8580000,0x00000000f8580000,0x00000000f9200000)
 ParOldGen       total 49152K, used 20806K [0x00000000c1c00000, 0x00000000c4c00000, 0x00000000eb400000)
  object space 49152K, 42% used [0x00000000c1c00000,0x00000000c3051a98,0x00000000c4c00000)
 Metaspace       used 56878K, capacity 59044K, committed 59160K, reserved 1099776K
  class space    used 7741K, capacity 8107K, committed 8112K, reserved 1048576K
}
Event: 10.251 GC heap before
{Heap before GC invocations=16 (full 3):
 PSYoungGen      total 211968K, used 9771K [0x00000000eb400000, 0x00000000f9280000, 0x0000000100000000)
  eden space 196096K, 0% used [0x00000000eb400000,0x00000000eb400000,0x00000000f7380000)
  from space 15872K, 61% used [0x00000000f7380000,0x00000000f7d0ac60,0x00000000f8300000)
  to   space 12800K, 0% used [0x00000000f8580000,0x00000000f8580000,0x00000000f9200000)
 ParOldGen       total 49152K, used 20806K [0x00000000c1c00000, 0x00000000c4c00000, 0x00000000eb400000)
  object space 49152K, 42% used [0x00000000c1c00000,0x00000000c3051a98,0x00000000c4c00000)
 Metaspace       used 56878K, capacity 59044K, committed 59160K, reserved 1099776K
  class space    used 7741K, capacity 8107K, committed 8112K, reserved 1048576K
Event: 10.507 GC heap after
Heap after GC invocations=16 (full 3):
 PSYoungGen      total 211968K, used 0K [0x00000000eb400000, 0x00000000f9280000, 0x0000000100000000)
  eden space 196096K, 0% used [0x00000000eb400000,0x00000000eb400000,0x00000000f7380000)
  from space 15872K, 0% used [0x00000000f7380000,0x00000000f7380000,0x00000000f8300000)
  to   space 12800K, 0% used [0x00000000f8580000,0x00000000f8580000,0x00000000f9200000)
 ParOldGen       total 72192K, used 27125K [0x00000000c1c00000, 0x00000000c6280000, 0x00000000eb400000)
  object space 72192K, 37% used [0x00000000c1c00000,0x00000000c367d408,0x00000000c6280000)
 Metaspace       used 56878K, capacity 59044K, committed 59160K, reserved 1099776K
  class space    used 7741K, capacity 8107K, committed 8112K, reserved 1048576K
}

Deoptimization events (10 events):
Event: 12.158 Thread 0x000001bdd7f27800 Uncommon trap: reason=speculate_class_check action=maybe_recompile pc=0x000001bdda9acc0c method=java.util.AbstractList.listIterator()Ljava/util/ListIterator; @ 2
Event: 12.159 Thread 0x000001bdd7f27800 Uncommon trap: reason=speculate_class_check action=maybe_recompile pc=0x000001bdda9acc0c method=java.util.AbstractList.listIterator()Ljava/util/ListIterator; @ 2
Event: 12.159 Thread 0x000001bdd7f27800 Uncommon trap: reason=speculate_class_check action=maybe_recompile pc=0x000001bdda9acc0c method=java.util.AbstractList.listIterator()Ljava/util/ListIterator; @ 2
Event: 12.159 Thread 0x000001bdd7f27800 Uncommon trap: reason=speculate_class_check action=maybe_recompile pc=0x000001bdda9acc0c method=java.util.AbstractList.listIterator()Ljava/util/ListIterator; @ 2
Event: 12.161 Thread 0x000001bdd7f27800 Uncommon trap: reason=unstable_if action=reinterpret pc=0x000001bdd9de35b8 method=java.util.HashMap.putVal(ILjava/lang/Object;Ljava/lang/Object;ZZ)Ljava/lang/Object; @ 162
Event: 12.292 Thread 0x000001bdd7f27800 Uncommon trap: reason=unstable_if action=reinterpret pc=0x000001bdd9ffa868 method=java.util.HashMap.getNode(ILjava/lang/Object;)Ljava/util/HashMap$Node; @ 84
Event: 12.505 Thread 0x000001bdd7f27800 Uncommon trap: reason=unstable_if action=reinterpret pc=0x000001bdd9cfc414 method=java.util.HashMap.getNode(ILjava/lang/Object;)Ljava/util/HashMap$Node; @ 84
Event: 12.555 Thread 0x000001bdd7f27800 Uncommon trap: reason=unstable_if action=reinterpret pc=0x000001bdda687194 method=org.springframework.util.ConcurrentReferenceHashMap$Segment.clear()V @ 4
Event: 25.845 Thread 0x000001bdf1e07000 Uncommon trap: reason=unstable_if action=reinterpret pc=0x000001bdd9fc6680 method=java.nio.Buffer.limit(I)Ljava/nio/Buffer; @ 30
Event: 25.856 Thread 0x000001bdf1e07000 Uncommon trap: reason=unstable_if action=reinterpret pc=0x000001bdda7755f0 method=java.util.IdentityHashMap.maskNull(Ljava/lang/Object;)Ljava/lang/Object; @ 1

Classes redefined (0 events):
No events

Internal exceptions (10 events):
Event: 10.717 Thread 0x000001bdd7f27800 Exception <a 'java/lang/ClassNotFoundException': org/springframework/boot/autoconfigure/web/servlet/WebMvcAutoConfiguration$EnableWebMvcConfigurationCustomizer> (0x00000000ec162898) thrown at [C:\jenkins\workspace\8-2-build-windows-amd64-cygwin\jdk8u301\1
Event: 10.927 Thread 0x000001bdd7f27800 Exception <a 'java/lang/ClassNotFoundException': org/springframework/boot/autoconfigure/web/servlet/WebMvcAutoConfiguration$EnableWebMvcConfiguration$$EnhancerBySpringCGLIB$$f8500549Customizer> (0x00000000ec1a55f8) thrown at [C:\jenkins\workspace\8-2-buil
Event: 10.932 Thread 0x000001bdd7f27800 Exception <a 'java/lang/ClassNotFoundException': org/springframework/context/annotation/ConfigurationClassEnhancer$EnhancedConfigurationCustomizer> (0x00000000ec1f0c78) thrown at [C:\jenkins\workspace\8-2-build-windows-amd64-cygwin\jdk8u301\1513\hotspot\s
Event: 10.933 Thread 0x000001bdd7f27800 Exception <a 'java/lang/ClassNotFoundException': org/springframework/beans/factory/BeanFactoryAwareCustomizer> (0x00000000ec2103a8) thrown at [C:\jenkins\workspace\8-2-build-windows-amd64-cygwin\jdk8u301\1513\hotspot\src\share\vm\classfile\systemDictionar
Event: 10.935 Thread 0x000001bdd7f27800 Exception <a 'java/lang/ClassNotFoundException': org/springframework/beans/factory/AwareCustomizer> (0x00000000ec22d418) thrown at [C:\jenkins\workspace\8-2-build-windows-amd64-cygwin\jdk8u301\1513\hotspot\src\share\vm\classfile\systemDictionary.cpp, line
Event: 10.936 Thread 0x000001bdd7f27800 Exception <a 'java/lang/ClassNotFoundException': org/springframework/context/ApplicationContextAwareCustomizer> (0x00000000ec24d008) thrown at [C:\jenkins\workspace\8-2-build-windows-amd64-cygwin\jdk8u301\1513\hotspot\src\share\vm\classfile\systemDictiona
Event: 10.937 Thread 0x000001bdd7f27800 Exception <a 'java/lang/ClassNotFoundException': org/springframework/beans/factory/AwareCustomizer> (0x00000000ec26a050) thrown at [C:\jenkins\workspace\8-2-build-windows-amd64-cygwin\jdk8u301\1513\hotspot\src\share\vm\classfile\systemDictionary.cpp, line
Event: 10.938 Thread 0x000001bdd7f27800 Exception <a 'java/lang/ClassNotFoundException': org/springframework/web/context/ServletContextAwareCustomizer> (0x00000000ec289c10) thrown at [C:\jenkins\workspace\8-2-build-windows-amd64-cygwin\jdk8u301\1513\hotspot\src\share\vm\classfile\systemDictiona
Event: 10.939 Thread 0x000001bdd7f27800 Exception <a 'java/lang/ClassNotFoundException': org/springframework/beans/factory/AwareCustomizer> (0x00000000ec2a66c8) thrown at [C:\jenkins\workspace\8-2-build-windows-amd64-cygwin\jdk8u301\1513\hotspot\src\share\vm\classfile\systemDictionary.cpp, line
Event: 25.707 Thread 0x000001bdef25e800 Exception <a 'java/io/IOException'> (0x00000000f3b282b8) thrown at [C:\jenkins\workspace\8-2-build-windows-amd64-cygwin\jdk8u301\1513\hotspot\src\share\vm\prims\jni.cpp, line 710]

Events (10 events):
Event: 25.860 Thread 0x000001bdeddee800 flushing nmethod 0x000001bdda2d5390
Event: 25.860 Thread 0x000001bdeddee800 flushing nmethod 0x000001bdda326a90
Event: 25.860 Thread 0x000001bdeddee800 flushing nmethod 0x000001bdda33d710
Event: 25.860 Thread 0x000001bdeddee800 flushing nmethod 0x000001bdda35e390
Event: 25.860 Thread 0x000001bdeddee800 flushing nmethod 0x000001bdda3b8910
Event: 25.860 Thread 0x000001bdeddee800 flushing nmethod 0x000001bdda3edad0
Event: 25.861 Thread 0x000001bdeddee800 flushing nmethod 0x000001bdda4305d0
Event: 25.861 Thread 0x000001bdeddee800 flushing nmethod 0x000001bdda4df9d0
Event: 25.861 Thread 0x000001bdeddee800 flushing nmethod 0x000001bdda4ea510
Event: 25.868 Thread 0x000001bdeddda800 flushing nmethod 0x000001bdda546150


Dynamic libraries:
0x00007ff7ceff0000 - 0x00007ff7cf037000 	C:\Program Files\Java\jdk1.8.0_301\bin\java.exe
0x00007ff82ccd0000 - 0x00007ff82cec5000 	C:\WINDOWS\SYSTEM32\ntdll.dll
0x00007ff82c9a0000 - 0x00007ff82ca5e000 	C:\WINDOWS\System32\KERNEL32.DLL
0x00007ff82a820000 - 0x00007ff82aae9000 	C:\WINDOWS\System32\KERNELBASE.dll
0x00007ff82b290000 - 0x00007ff82b33c000 	C:\WINDOWS\System32\ADVAPI32.dll
0x00007ff82cbf0000 - 0x00007ff82cc8e000 	C:\WINDOWS\System32\msvcrt.dll
0x00007ff82c740000 - 0x00007ff82c7db000 	C:\WINDOWS\System32\sechost.dll
0x00007ff82b0b0000 - 0x00007ff82b1da000 	C:\WINDOWS\System32\RPCRT4.dll
0x00007ff82aea0000 - 0x00007ff82b041000 	C:\WINDOWS\System32\USER32.dll
0x00007ff82a6e0000 - 0x00007ff82a702000 	C:\WINDOWS\System32\win32u.dll
0x00007ff82cb20000 - 0x00007ff82cb4b000 	C:\WINDOWS\System32\GDI32.dll
0x00007ff82a710000 - 0x00007ff82a81b000 	C:\WINDOWS\System32\gdi32full.dll
0x00007ff82ac50000 - 0x00007ff82aced000 	C:\WINDOWS\System32\msvcp_win.dll
0x00007ff82a450000 - 0x00007ff82a550000 	C:\WINDOWS\System32\ucrtbase.dll
0x00007ff815780000 - 0x00007ff815a1a000 	C:\WINDOWS\WinSxS\amd64_microsoft.windows.common-controls_6595b64144ccf1df_6.0.19041.1110_none_60b5254171f9507e\COMCTL32.dll
0x00007ff82cb50000 - 0x00007ff82cb80000 	C:\WINDOWS\System32\IMM32.DLL
0x00007ff80b9a0000 - 0x00007ff80b9b5000 	C:\Program Files\Java\jdk1.8.0_301\jre\bin\vcruntime140.dll
0x00007ff800060000 - 0x00007ff8000fb000 	C:\Program Files\Java\jdk1.8.0_301\jre\bin\msvcp140.dll
0x00000000544c0000 - 0x0000000054d20000 	C:\Program Files\Java\jdk1.8.0_301\jre\bin\server\jvm.dll
0x00007ff82bad0000 - 0x00007ff82bad8000 	C:\WINDOWS\System32\PSAPI.DLL
0x00007ff819db0000 - 0x00007ff819dd7000 	C:\WINDOWS\SYSTEM32\WINMM.dll
0x00007ff81b430000 - 0x00007ff81b439000 	C:\WINDOWS\SYSTEM32\WSOCK32.dll
0x00007ff82cb80000 - 0x00007ff82cbeb000 	C:\WINDOWS\System32\WS2_32.dll
0x00007ff820f40000 - 0x00007ff820f4a000 	C:\WINDOWS\SYSTEM32\VERSION.dll
0x00007ff828c70000 - 0x00007ff828c82000 	C:\WINDOWS\SYSTEM32\kernel.appcore.dll
0x00007ff81f8f0000 - 0x00007ff81f900000 	C:\Program Files\Java\jdk1.8.0_301\jre\bin\verify.dll
0x00007ff80b7a0000 - 0x00007ff80b7cb000 	C:\Program Files\Java\jdk1.8.0_301\jre\bin\java.dll
0x00007ff801700000 - 0x00007ff801730000 	C:\Program Files\Java\jdk1.8.0_301\jre\bin\instrument.dll
0x00007ff80b6c0000 - 0x00007ff80b6d8000 	C:\Program Files\Java\jdk1.8.0_301\jre\bin\zip.dll
0x00007ff82bca0000 - 0x00007ff82c3df000 	C:\WINDOWS\System32\SHELL32.dll
0x00007ff827de0000 - 0x00007ff828570000 	C:\WINDOWS\SYSTEM32\windows.storage.dll
0x00007ff82c3e0000 - 0x00007ff82c735000 	C:\WINDOWS\System32\combase.dll
0x00007ff829e40000 - 0x00007ff829e6c000 	C:\WINDOWS\SYSTEM32\Wldp.dll
0x00007ff82b840000 - 0x00007ff82b8ee000 	C:\WINDOWS\System32\SHCORE.dll
0x00007ff82b050000 - 0x00007ff82b0a5000 	C:\WINDOWS\System32\shlwapi.dll
0x00007ff82a330000 - 0x00007ff82a34f000 	C:\WINDOWS\SYSTEM32\profapi.dll
0x00007ff803140000 - 0x00007ff80315a000 	C:\Program Files\JetBrains\IntelliJ IDEA Community Edition 2021.2\bin\breakgen64.dll
0x00007ff80b1e0000 - 0x00007ff80b1fc000 	C:\Program Files\Java\jdk1.8.0_301\jre\bin\net.dll
0x00007ff829ba0000 - 0x00007ff829c0a000 	C:\WINDOWS\system32\mswsock.dll
0x00007ff81dd20000 - 0x00007ff81dd2d000 	C:\Program Files\Java\jdk1.8.0_301\jre\bin\management.dll
0x00007ff815560000 - 0x00007ff815577000 	C:\WINDOWS\system32\napinsp.dll
0x00007ff815540000 - 0x00007ff81555b000 	C:\WINDOWS\system32\pnrpnsp.dll
0x00007ff8223f0000 - 0x00007ff822405000 	C:\WINDOWS\system32\wshbth.dll
0x00007ff821e20000 - 0x00007ff821e3d000 	C:\WINDOWS\system32\NLAapi.dll
0x00007ff829840000 - 0x00007ff82987b000 	C:\WINDOWS\SYSTEM32\IPHLPAPI.DLL
0x00007ff829880000 - 0x00007ff82994c000 	C:\WINDOWS\SYSTEM32\DNSAPI.dll
0x00007ff82c990000 - 0x00007ff82c998000 	C:\WINDOWS\System32\NSI.dll
0x00007ff815520000 - 0x00007ff815532000 	C:\WINDOWS\System32\winrnr.dll
0x00007ff820b60000 - 0x00007ff820b6a000 	C:\Windows\System32\rasadhlp.dll
0x00007ff81fee0000 - 0x00007ff81ff5f000 	C:\WINDOWS\System32\fwpuclnt.dll
0x00007ff82acf0000 - 0x00007ff82ad17000 	C:\WINDOWS\System32\bcrypt.dll
0x00007ff803200000 - 0x00007ff803213000 	C:\Program Files\Java\jdk1.8.0_301\jre\bin\nio.dll
0x00007ff829d90000 - 0x00007ff829da8000 	C:\WINDOWS\SYSTEM32\CRYPTSP.dll
0x00007ff8294b0000 - 0x00007ff8294e4000 	C:\WINDOWS\system32\rsaenh.dll
0x00007ff82a2b0000 - 0x00007ff82a2de000 	C:\WINDOWS\SYSTEM32\USERENV.dll
0x00007ff82a650000 - 0x00007ff82a6d3000 	C:\WINDOWS\System32\bcryptprimitives.dll
0x00007ff829db0000 - 0x00007ff829dbc000 	C:\WINDOWS\SYSTEM32\CRYPTBASE.dll
0x00007ff820b90000 - 0x00007ff820ba7000 	C:\WINDOWS\SYSTEM32\dhcpcsvc6.DLL
0x00007ff820b70000 - 0x00007ff820b8d000 	C:\WINDOWS\SYSTEM32\dhcpcsvc.DLL
0x00007ff800030000 - 0x00007ff800054000 	C:\Program Files\Java\jdk1.8.0_301\jre\bin\sunec.dll
0x00007ff8112c0000 - 0x00007ff8112cd000 	C:\Program Files\Java\jdk1.8.0_301\jre\bin\sunmscapi.dll
0x00007ff82aaf0000 - 0x00007ff82ac46000 	C:\WINDOWS\System32\CRYPT32.dll
0x00007ff829eb0000 - 0x00007ff829ed7000 	C:\WINDOWS\SYSTEM32\ncrypt.dll
0x00007ff829e70000 - 0x00007ff829eab000 	C:\WINDOWS\SYSTEM32\NTASN1.dll
0x00007ff828630000 - 0x00007ff828814000 	C:\WINDOWS\SYSTEM32\dbghelp.dll

VM Arguments:
jvm_args: -javaagent:C:\Program Files\JetBrains\IntelliJ IDEA Community Edition 2021.2\lib\idea_rt.jar=55267:C:\Program Files\JetBrains\IntelliJ IDEA Community Edition 2021.2\bin -Dfile.encoding=UTF-8 
java_command: za.ac.nwu.as.web.sb.RestServiceApplication
java_class_path (initial): C:\Program Files\Java\jdk1.8.0_301\jre\lib\charsets.jar;C:\Program Files\Java\jdk1.8.0_301\jre\lib\deploy.jar;C:\Program Files\Java\jdk1.8.0_301\jre\lib\ext\access-bridge-64.jar;C:\Program Files\Java\jdk1.8.0_301\jre\lib\ext\cldrdata.jar;C:\Program Files\Java\jdk1.8.0_301\jre\lib\ext\dnsns.jar;C:\Program Files\Java\jdk1.8.0_301\jre\lib\ext\jaccess.jar;C:\Program Files\Java\jdk1.8.0_301\jre\lib\ext\jfxrt.jar;C:\Program Files\Java\jdk1.8.0_301\jre\lib\ext\localedata.jar;C:\Program Files\Java\jdk1.8.0_301\jre\lib\ext\nashorn.jar;C:\Program Files\Java\jdk1.8.0_301\jre\lib\ext\sunec.jar;C:\Program Files\Java\jdk1.8.0_301\jre\lib\ext\sunjce_provider.jar;C:\Program Files\Java\jdk1.8.0_301\jre\lib\ext\sunmscapi.jar;C:\Program Files\Java\jdk1.8.0_301\jre\lib\ext\sunpkcs11.jar;C:\Program Files\Java\jdk1.8.0_301\jre\lib\ext\zipfs.jar;C:\Program Files\Java\jdk1.8.0_301\jre\lib\javaws.jar;C:\Program Files\Java\jdk1.8.0_301\jre\lib\jce.jar;C:\Program Files\Java\jdk1.8.0_301\jre\lib\jfr.jar;C:\Program Files\Java\jdk1.8.0_301\jre\lib\jfxswt.jar;C:\Program Files\Java\jdk1.8.0_301\jre\lib\jsse.jar;C:\Program Files\Java\jdk1.8.0_301\jre\lib\management-agent.jar;C:\Program Files\Java\jdk1.8.0_301\jre\lib\plugin.jar;C:\Program Files\Java\jdk1.8.0_301\jre\lib\resources.jar;C:\Program Files\Java\jdk1.8.0_301\jre\lib\rt.jar;C:\DO\nwu\AccountSystemTest\AccountSystemWebSpringBoot\target\classes;C:\DO\nwu\AccountSystemTest\AccountSystemLogic\target\classes;C:\DO\nwu\AccountSystemTest\AccountSystemTranslator\target\classes;C:\DO\nwu\AccountSystemTest\AccountSystemRepository\target\classes;C:\DO\nwu\repo\org\springframework\boot\spring-boot-starter-data-jpa\2.1.6.RELEASE\spring-boot-starter-data-jpa-2.1.6.RELEASE.jar;C:\DO\nwu\repo\org\springframework\boot\spring-boot-starter-aop\2.1.6.RELEASE\spring-boot-starter-aop-2.1.6.RELEASE.jar;C:\DO\nwu\repo\org\aspectj\aspectjweaver\1.9.4\aspectjweaver-1.9.4.jar;C:\DO\nwu\repo\org\springframework\boot\spring-boot-starter-jd
Launcher Type: SUN_STANDARD

Environment Variables:
PATH=C:\oraclexe\app\oracle\product\11.2.0\server\bin;C:\WINDOWS\system32;C:\WINDOWS;C:\WINDOWS\System32\Wbem;C:\WINDOWS\System32\WindowsPowerShell\v1.0\;C:\WINDOWS\System32\OpenSSH\;C:\Program Files\Git\cmd;C:\Program Files\JetBrains\IntelliJ IDEA Community Edition 2021.2\bin;C:\Program Files\Java\jdk1.8.0_301\bin;C:\Program Files\apache-maven-3.8.2\bin;C:\Program Files\dotnet\;C:\Program Files\Microsoft SQL Server\130\Tools\Binn\;C:\Program Files\Microsoft SQL Server\Client SDK\ODBC\170\Tools\Binn\;C:\Users\User\AppData\Local\Microsoft\WindowsApps;C:\Program Files\JetBrains\IntelliJ IDEA 2021.2\bin;;C:\Program Files\JetBrains\IntelliJ IDEA Community Edition 2021.2\bin;;C:\Program Files\JetBrains\IntelliJ IDEA Community Edition 2021.2\bin;C:\Program Files\Java\jdk1.8.0_301\bin;C:\Program Files\apache-maven-3.8.2\bin;C:\Users\User\.dotnet\tools
USERNAME=User
OS=Windows_NT
PROCESSOR_IDENTIFIER=Intel64 Family 6 Model 142 Stepping 10, GenuineIntel



---------------  S Y S T E M  ---------------

OS: Windows 10.0 , 64 bit Build 19041 (10.0.19041.1202)

CPU:total 8 (initial active 8) (4 cores per cpu, 2 threads per core) family 6 model 142 stepping 10, cmov, cx8, fxsr, mmx, sse, sse2, sse3, ssse3, sse4.1, sse4.2, popcnt, avx, avx2, aes, clmul, erms, 3dnowpref, lzcnt, ht, tsc, tscinvbit, bmi1, bmi2, adx

Memory: 4k page, physical 4075748k(219992k free), swap 16658660k(0k free)

vm_info: Java HotSpot(TM) 64-Bit Server VM (25.301-b09) for windows-amd64 JRE (1.8.0_301-b09), built on Jun  9 2021 06:46:21 by "java_re" with MS VC++ 15.9 (VS2017)

time: Tue Sep 28 00:15:21 2021
timezone: South Africa Standard Time
elapsed time: 25.963829 seconds (0d 0h 0m 25s)

