#
# There is insufficient memory for the Java Runtime Environment to continue.
# Native memory allocation (malloc) failed to allocate 2030464 bytes for Chunk::new
# Possible reasons:
#   The system is out of physical RAM or swap space
#   The process is running with CompressedOops enabled, and the Java Heap may be blocking the growth of the native heap
# Possible solutions:
#   Reduce memory load on the system
#   Increase physical memory or swap space
#   Check if swap backing store is full
#   Decrease Java heap size (-Xmx/-Xms)
#   Decrease number of Java threads
#   Decrease Java thread stack sizes (-Xss)
#   Set larger code cache with -XX:ReservedCodeCacheSize=
#   JVM is running with Unscaled Compressed Oops mode in which the Java heap is
#     placed in the first 4GB address space. The Java Heap base address is the
#     maximum limit for the native heap growth. Please use -XX:HeapBaseMinAddress
#     to set the Java Heap base and to place the Java Heap above 4GB virtual address.
# This output file may be truncated or incomplete.
#
#  Out of Memory Error (allocation.cpp:389), pid=1032, tid=0x0000000000002244
#
# JRE version: Java(TM) SE Runtime Environment (8.0_301-b09) (build 1.8.0_301-b09)
# Java VM: Java HotSpot(TM) 64-Bit Server VM (25.301-b09 mixed mode windows-amd64 compressed oops)
# Failed to write core dump. Minidumps are not enabled by default on client versions of Windows
#

---------------  T H R E A D  ---------------

Current thread (0x000001c9cd77f000):  JavaThread "C2 CompilerThread0" daemon [_thread_in_native, id=8772, stack(0x000000769de00000,0x000000769df00000)]

Stack: [0x000000769de00000,0x000000769df00000]
Native frames: (J=compiled Java code, j=interpreted, Vv=VM code, C=native code)
V  [jvm.dll+0x32ed79]
V  [jvm.dll+0x275722]
V  [jvm.dll+0x2763cd]
V  [jvm.dll+0x26ce05]
V  [jvm.dll+0xd551c]
V  [jvm.dll+0xd5d1c]
V  [jvm.dll+0x470195]
V  [jvm.dll+0x437e08]
V  [jvm.dll+0x440c55]
V  [jvm.dll+0x440015]
V  [jvm.dll+0x42ae57]
V  [jvm.dll+0xac1bb]
V  [jvm.dll+0xaa81b]
V  [jvm.dll+0x23ddc2]
V  [jvm.dll+0x2923dc]
C  [ucrtbase.dll+0x21bb2]
C  [KERNEL32.DLL+0x17034]
C  [ntdll.dll+0x52651]


Current CompileTask:
C2:   9543 4183       4       java.net.URLClassLoader$1::run (5 bytes)


---------------  P R O C E S S  ---------------

Java Threads: ( => current thread )
  0x000001c9cd78e800 JavaThread "Service Thread" daemon [_thread_blocked, id=16028, stack(0x000000769e200000,0x000000769e300000)]
  0x000001c9cd787800 JavaThread "C1 CompilerThread3" daemon [_thread_blocked, id=17512, stack(0x000000769e100000,0x000000769e200000)]
  0x000001c9cd784000 JavaThread "C2 CompilerThread2" daemon [_thread_in_native, id=15068, stack(0x000000769e000000,0x000000769e100000)]
  0x000001c9cd782800 JavaThread "C2 CompilerThread1" daemon [_thread_in_native, id=8980, stack(0x000000769df00000,0x000000769e000000)]
=>0x000001c9cd77f000 JavaThread "C2 CompilerThread0" daemon [_thread_in_native, id=8772, stack(0x000000769de00000,0x000000769df00000)]
  0x000001c9cd77a000 JavaThread "Monitor Ctrl-Break" daemon [_thread_in_native, id=11136, stack(0x000000769dd00000,0x000000769de00000)]
  0x000001c9cd70b000 JavaThread "Attach Listener" daemon [_thread_blocked, id=8612, stack(0x000000769dc00000,0x000000769dd00000)]
  0x000001c9cd709000 JavaThread "Signal Dispatcher" daemon [_thread_blocked, id=15220, stack(0x000000769db00000,0x000000769dc00000)]
  0x000001c9cd6e5000 JavaThread "Finalizer" daemon [_thread_blocked, id=12172, stack(0x000000769da00000,0x000000769db00000)]
  0x000001c9cd6dd000 JavaThread "Reference Handler" daemon [_thread_blocked, id=17944, stack(0x000000769d900000,0x000000769da00000)]
  0x000001c9b9bc4800 JavaThread "main" [_thread_in_native, id=8644, stack(0x000000769cf00000,0x000000769d000000)]

Other Threads:
  0x000001c9cd6b5000 VMThread [stack: 0x000000769d800000,0x000000769d900000] [id=18264]
  0x000001c9cf67d800 WatcherThread [stack: 0x000000769e300000,0x000000769e400000] [id=16492]

VM state:not at safepoint (normal execution)

VM Mutex/Monitor currently owned by a thread: None

heap address: 0x00000000c1c00000, size: 996 MB, Compressed Oops mode: 32-bit
Narrow klass base: 0x0000000000000000, Narrow klass shift: 3
Compressed class space size: 1073741824 Address: 0x0000000100000000

Heap:
 PSYoungGen      total 72704K, used 38398K [0x00000000eb400000, 0x00000000f1300000, 0x0000000100000000)
  eden space 64512K, 46% used [0x00000000eb400000,0x00000000ed183460,0x00000000ef300000)
  from space 8192K, 99% used [0x00000000ef300000,0x00000000efafc480,0x00000000efb00000)
  to   space 12288K, 0% used [0x00000000f0700000,0x00000000f0700000,0x00000000f1300000)
 ParOldGen       total 46080K, used 13821K [0x00000000c1c00000, 0x00000000c4900000, 0x00000000eb400000)
  object space 46080K, 29% used [0x00000000c1c00000,0x00000000c297f688,0x00000000c4900000)
 Metaspace       used 25756K, capacity 26490K, committed 26624K, reserved 1073152K
  class space    used 3052K, capacity 3257K, committed 3328K, reserved 1048576K

Card table byte_map: [0x000001c9ca800000,0x000001c9caa00000] byte_map_base: 0x000001c9ca1f2000

Marking Bits: (ParMarkBitMap*) 0x0000000054ca7fe0
 Begin Bits: [0x000001c9cab50000, 0x000001c9cbae0000)
 End Bits:   [0x000001c9cbae0000, 0x000001c9cca70000)

Polling page: 0x000001c9b9b70000

CodeCache: size=245760Kb used=11698Kb max_used=13526Kb free=234061Kb
 bounds [0x000001c9bb440000, 0x000001c9bc190000, 0x000001c9ca440000]
 total_blobs=4121 nmethods=3682 adapters=350
 compilation: enabled

Compilation events (10 events):
Event: 9.176 Thread 0x000001c9cd787800 4263       1       sun.util.calendar.CalendarDate::getHours (5 bytes)
Event: 9.176 Thread 0x000001c9cd787800 nmethod 4263 0x000001c9bb80c1d0 code [0x000001c9bb80c320, 0x000001c9bb80c438]
Event: 9.176 Thread 0x000001c9cd787800 4264       1       sun.util.calendar.CalendarDate::getMinutes (5 bytes)
Event: 9.176 Thread 0x000001c9cd787800 nmethod 4264 0x000001c9bb859f10 code [0x000001c9bb85a060, 0x000001c9bb85a178]
Event: 9.177 Thread 0x000001c9cd787800 4265       1       sun.util.calendar.CalendarDate::getSeconds (5 bytes)
Event: 9.177 Thread 0x000001c9cd787800 nmethod 4265 0x000001c9bb8cc090 code [0x000001c9bb8cc1e0, 0x000001c9bb8cc2f8]
Event: 9.177 Thread 0x000001c9cd787800 4274       3       com.google.inject.internal.Annotations::isMarker (14 bytes)
Event: 9.177 Thread 0x000001c9cd787800 nmethod 4274 0x000001c9bb881fd0 code [0x000001c9bb882160, 0x000001c9bb8824c0]
Event: 9.178 Thread 0x000001c9cd787800 4273       1       org.apache.maven.execution.MavenSession::getCurrentProject (5 bytes)
Event: 9.178 Thread 0x000001c9cd787800 nmethod 4273 0x000001c9bc013e50 code [0x000001c9bc013fa0, 0x000001c9bc0140b8]

GC Heap History (10 events):
Event: 3.015 GC heap before
{Heap before GC invocations=6 (full 0):
 PSYoungGen      total 35328K, used 35312K [0x00000000eb400000, 0x00000000f0200000, 0x0000000100000000)
  eden space 32768K, 100% used [0x00000000eb400000,0x00000000ed400000,0x00000000ed400000)
  from space 2560K, 99% used [0x00000000ed400000,0x00000000ed67c030,0x00000000ed680000)
  to   space 7168K, 0% used [0x00000000efb00000,0x00000000efb00000,0x00000000f0200000)
 ParOldGen       total 44032K, used 9243K [0x00000000c1c00000, 0x00000000c4700000, 0x00000000eb400000)
  object space 44032K, 20% used [0x00000000c1c00000,0x00000000c2506ef0,0x00000000c4700000)
 Metaspace       used 16112K, capacity 16406K, committed 16640K, reserved 1064960K
  class space    used 1927K, capacity 2038K, committed 2048K, reserved 1048576K
Event: 3.023 GC heap after
Heap after GC invocations=6 (full 0):
 PSYoungGen      total 71680K, used 6775K [0x00000000eb400000, 0x00000000f0400000, 0x0000000100000000)
  eden space 64512K, 0% used [0x00000000eb400000,0x00000000eb400000,0x00000000ef300000)
  from space 7168K, 94% used [0x00000000efb00000,0x00000000f019dcb8,0x00000000f0200000)
  to   space 8192K, 0% used [0x00000000ef300000,0x00000000ef300000,0x00000000efb00000)
 ParOldGen       total 44032K, used 9251K [0x00000000c1c00000, 0x00000000c4700000, 0x00000000eb400000)
  object space 44032K, 21% used [0x00000000c1c00000,0x00000000c2508ef0,0x00000000c4700000)
 Metaspace       used 16112K, capacity 16406K, committed 16640K, reserved 1064960K
  class space    used 1927K, capacity 2038K, committed 2048K, reserved 1048576K
}
Event: 4.850 GC heap before
{Heap before GC invocations=7 (full 0):
 PSYoungGen      total 71680K, used 71287K [0x00000000eb400000, 0x00000000f0400000, 0x0000000100000000)
  eden space 64512K, 100% used [0x00000000eb400000,0x00000000ef300000,0x00000000ef300000)
  from space 7168K, 94% used [0x00000000efb00000,0x00000000f019dcb8,0x00000000f0200000)
  to   space 8192K, 0% used [0x00000000ef300000,0x00000000ef300000,0x00000000efb00000)
 ParOldGen       total 44032K, used 9251K [0x00000000c1c00000, 0x00000000c4700000, 0x00000000eb400000)
  object space 44032K, 21% used [0x00000000c1c00000,0x00000000c2508ef0,0x00000000c4700000)
 Metaspace       used 17779K, capacity 18284K, committed 18432K, reserved 1064960K
  class space    used 2077K, capacity 2229K, committed 2304K, reserved 1048576K
Event: 4.881 GC heap after
Heap after GC invocations=7 (full 0):
 PSYoungGen      total 72704K, used 8160K [0x00000000eb400000, 0x00000000f0400000, 0x0000000100000000)
  eden space 64512K, 0% used [0x00000000eb400000,0x00000000eb400000,0x00000000ef300000)
  from space 8192K, 99% used [0x00000000ef300000,0x00000000efaf8020,0x00000000efb00000)
  to   space 7168K, 0% used [0x00000000efb00000,0x00000000efb00000,0x00000000f0200000)
 ParOldGen       total 44032K, used 11512K [0x00000000c1c00000, 0x00000000c4700000, 0x00000000eb400000)
  object space 44032K, 26% used [0x00000000c1c00000,0x00000000c273e040,0x00000000c4700000)
 Metaspace       used 17779K, capacity 18284K, committed 18432K, reserved 1064960K
  class space    used 2077K, capacity 2229K, committed 2304K, reserved 1048576K
}
Event: 5.322 GC heap before
{Heap before GC invocations=8 (full 0):
 PSYoungGen      total 72704K, used 26398K [0x00000000eb400000, 0x00000000f0400000, 0x0000000100000000)
  eden space 64512K, 28% used [0x00000000eb400000,0x00000000ec5cf9d8,0x00000000ef300000)
  from space 8192K, 99% used [0x00000000ef300000,0x00000000efaf8020,0x00000000efb00000)
  to   space 7168K, 0% used [0x00000000efb00000,0x00000000efb00000,0x00000000f0200000)
 ParOldGen       total 44032K, used 11512K [0x00000000c1c00000, 0x00000000c4700000, 0x00000000eb400000)
  object space 44032K, 26% used [0x00000000c1c00000,0x00000000c273e040,0x00000000c4700000)
 Metaspace       used 20626K, capacity 21132K, committed 21296K, reserved 1069056K
  class space    used 2477K, capacity 2629K, committed 2688K, reserved 1048576K
Event: 5.332 GC heap after
Heap after GC invocations=8 (full 0):
 PSYoungGen      total 71680K, used 7152K [0x00000000eb400000, 0x00000000f0400000, 0x0000000100000000)
  eden space 64512K, 0% used [0x00000000eb400000,0x00000000eb400000,0x00000000ef300000)
  from space 7168K, 99% used [0x00000000efb00000,0x00000000f01fc030,0x00000000f0200000)
  to   space 8192K, 0% used [0x00000000ef300000,0x00000000ef300000,0x00000000efb00000)
 ParOldGen       total 44032K, used 13867K [0x00000000c1c00000, 0x00000000c4700000, 0x00000000eb400000)
  object space 44032K, 31% used [0x00000000c1c00000,0x00000000c298ae78,0x00000000c4700000)
 Metaspace       used 20626K, capacity 21132K, committed 21296K, reserved 1069056K
  class space    used 2477K, capacity 2629K, committed 2688K, reserved 1048576K
}
Event: 5.332 GC heap before
{Heap before GC invocations=9 (full 1):
 PSYoungGen      total 71680K, used 7152K [0x00000000eb400000, 0x00000000f0400000, 0x0000000100000000)
  eden space 64512K, 0% used [0x00000000eb400000,0x00000000eb400000,0x00000000ef300000)
  from space 7168K, 99% used [0x00000000efb00000,0x00000000f01fc030,0x00000000f0200000)
  to   space 8192K, 0% used [0x00000000ef300000,0x00000000ef300000,0x00000000efb00000)
 ParOldGen       total 44032K, used 13867K [0x00000000c1c00000, 0x00000000c4700000, 0x00000000eb400000)
  object space 44032K, 31% used [0x00000000c1c00000,0x00000000c298ae78,0x00000000c4700000)
 Metaspace       used 20626K, capacity 21132K, committed 21296K, reserved 1069056K
  class space    used 2477K, capacity 2629K, committed 2688K, reserved 1048576K
Event: 5.587 GC heap after
Heap after GC invocations=9 (full 1):
 PSYoungGen      total 71680K, used 0K [0x00000000eb400000, 0x00000000f0400000, 0x0000000100000000)
  eden space 64512K, 0% used [0x00000000eb400000,0x00000000eb400000,0x00000000ef300000)
  from space 7168K, 0% used [0x00000000efb00000,0x00000000efb00000,0x00000000f0200000)
  to   space 8192K, 0% used [0x00000000ef300000,0x00000000ef300000,0x00000000efb00000)
 ParOldGen       total 46080K, used 12444K [0x00000000c1c00000, 0x00000000c4900000, 0x00000000eb400000)
  object space 46080K, 27% used [0x00000000c1c00000,0x00000000c2827180,0x00000000c4900000)
 Metaspace       used 20626K, capacity 21132K, committed 21296K, reserved 1069056K
  class space    used 2477K, capacity 2629K, committed 2688K, reserved 1048576K
}
Event: 8.889 GC heap before
{Heap before GC invocations=10 (full 1):
 PSYoungGen      total 71680K, used 64512K [0x00000000eb400000, 0x00000000f0400000, 0x0000000100000000)
  eden space 64512K, 100% used [0x00000000eb400000,0x00000000ef300000,0x00000000ef300000)
  from space 7168K, 0% used [0x00000000efb00000,0x00000000efb00000,0x00000000f0200000)
  to   space 8192K, 0% used [0x00000000ef300000,0x00000000ef300000,0x00000000efb00000)
 ParOldGen       total 46080K, used 12444K [0x00000000c1c00000, 0x00000000c4900000, 0x00000000eb400000)
  object space 46080K, 27% used [0x00000000c1c00000,0x00000000c2827180,0x00000000c4900000)
 Metaspace       used 24258K, capacity 24968K, committed 25088K, reserved 1071104K
  class space    used 2834K, capacity 3027K, committed 3072K, reserved 1048576K
Event: 8.903 GC heap after
Heap after GC invocations=10 (full 1):
 PSYoungGen      total 72704K, used 8177K [0x00000000eb400000, 0x00000000f1300000, 0x0000000100000000)
  eden space 64512K, 0% used [0x00000000eb400000,0x00000000eb400000,0x00000000ef300000)
  from space 8192K, 99% used [0x00000000ef300000,0x00000000efafc480,0x00000000efb00000)
  to   space 12288K, 0% used [0x00000000f0700000,0x00000000f0700000,0x00000000f1300000)
 ParOldGen       total 46080K, used 13821K [0x00000000c1c00000, 0x00000000c4900000, 0x00000000eb400000)
  object space 46080K, 29% used [0x00000000c1c00000,0x00000000c297f688,0x00000000c4900000)
 Metaspace       used 24258K, capacity 24968K, committed 25088K, reserved 1071104K
  class space    used 2834K, capacity 3027K, committed 3072K, reserved 1048576K
}

Deoptimization events (10 events):
Event: 7.897 Thread 0x000001c9b9bc4800 Uncommon trap: reason=unstable_if action=reinterpret pc=0x000001c9bbe32ec4 method=org.apache.maven.model.merge.ModelMerger.mergeConfigurationContainer_Configuration(Lorg/apache/maven/model/ConfigurationContainer;Lorg/apache/maven/model/ConfigurationContai
Event: 8.494 Thread 0x000001c9b9bc4800 Uncommon trap: reason=unstable_if action=reinterpret pc=0x000001c9bb969e94 method=com.google.inject.internal.MoreTypes.canonicalize(Ljava/lang/reflect/Type;)Ljava/lang/reflect/Type; @ 16
Event: 8.494 Thread 0x000001c9b9bc4800 Uncommon trap: reason=class_check action=maybe_recompile pc=0x000001c9bb943230 method=com.google.inject.internal.MoreTypes.getRawType(Ljava/lang/reflect/Type;)Ljava/lang/Class; @ 13
Event: 8.494 Thread 0x000001c9b9bc4800 Uncommon trap: reason=unstable_if action=reinterpret pc=0x000001c9bb94eba0 method=com.google.inject.internal.MoreTypes.canonicalize(Ljava/lang/reflect/Type;)Ljava/lang/reflect/Type; @ 16
Event: 8.494 Thread 0x000001c9b9bc4800 Uncommon trap: reason=class_check action=maybe_recompile pc=0x000001c9bb943230 method=com.google.inject.internal.MoreTypes.getRawType(Ljava/lang/reflect/Type;)Ljava/lang/Class; @ 13
Event: 8.494 Thread 0x000001c9b9bc4800 Uncommon trap: reason=class_check action=maybe_recompile pc=0x000001c9bb943230 method=com.google.inject.internal.MoreTypes.getRawType(Ljava/lang/reflect/Type;)Ljava/lang/Class; @ 13
Event: 8.500 Thread 0x000001c9b9bc4800 Uncommon trap: reason=class_check action=maybe_recompile pc=0x000001c9bb943230 method=com.google.inject.internal.MoreTypes.getRawType(Ljava/lang/reflect/Type;)Ljava/lang/Class; @ 13
Event: 8.728 Thread 0x000001c9b9bc4800 Uncommon trap: reason=unstable_if action=reinterpret pc=0x000001c9bbd87500 method=org.codehaus.plexus.util.xml.pull.MXParser.parseAttribute()C @ 1002
Event: 9.075 Thread 0x000001c9b9bc4800 Uncommon trap: reason=class_check action=maybe_recompile pc=0x000001c9bbdd1ba8 method=org.apache.maven.model.Plugin.clone()Lorg/apache/maven/model/Plugin; @ 94
Event: 9.090 Thread 0x000001c9b9bc4800 Uncommon trap: reason=class_check action=maybe_recompile pc=0x000001c9bc12a474 method=java.io.BufferedWriter.flushBuffer()V @ 34

Classes redefined (0 events):
No events

Internal exceptions (10 events):
Event: 2.462 Thread 0x000001c9b9bc4800 Implicit null exception at 0x000001c9bb62df96 to 0x000001c9bb62e331
Event: 2.542 Thread 0x000001c9b9bc4800 Implicit null exception at 0x000001c9bba8f690 to 0x000001c9bba90985
Event: 2.799 Thread 0x000001c9b9bc4800 Implicit null exception at 0x000001c9bbb80c77 to 0x000001c9bbb80ec1
Event: 3.204 Thread 0x000001c9b9bc4800 Implicit null exception at 0x000001c9bbc8abf4 to 0x000001c9bbc8b6fd
Event: 4.196 Thread 0x000001c9b9bc4800 Implicit null exception at 0x000001c9bb835d95 to 0x000001c9bb835f6d
Event: 4.196 Thread 0x000001c9b9bc4800 Implicit null exception at 0x000001c9bb8386ef to 0x000001c9bb838759
Event: 5.090 Thread 0x000001c9b9bc4800 Exception <a 'java/lang/ClassNotFoundException': com/sun/tools/javac/api/JavacTool> (0x00000000ebb2abe0) thrown at [C:\jenkins\workspace\8-2-build-windows-amd64-cygwin\jdk8u301\1513\hotspot\src\share\vm\classfile\systemDictionary.cpp, line 212]
Event: 6.181 Thread 0x000001c9b9bc4800 Exception <a 'java/io/FileNotFoundException'> (0x00000000ebefb1a0) thrown at [C:\jenkins\workspace\8-2-build-windows-amd64-cygwin\jdk8u301\1513\hotspot\src\share\vm\prims\jni.cpp, line 710]
Event: 6.191 Thread 0x000001c9b9bc4800 Exception <a 'java/io/FileNotFoundException'> (0x00000000ebf550e8) thrown at [C:\jenkins\workspace\8-2-build-windows-amd64-cygwin\jdk8u301\1513\hotspot\src\share\vm\prims\jni.cpp, line 710]
Event: 8.528 Thread 0x000001c9b9bc4800 Exception <a 'java/lang/NoSuchMethodError': org.apache.maven.execution.MavenExecutionRequest.getFailureBehavior()Ljava/lang/String;> (0x00000000ee157288) thrown at [C:\jenkins\workspace\8-2-build-windows-amd64-cygwin\jdk8u301\1513\hotspot\src\share\vm\int

Events (10 events):
Event: 9.178 Thread 0x000001c9cd787800 flushing nmethod 0x000001c9bc056ad0
Event: 9.178 Thread 0x000001c9cd787800 flushing nmethod 0x000001c9bc077650
Event: 9.178 loading class org/apache/maven/artifact/metadata/AbstractArtifactMetadata
Event: 9.178 loading class org/apache/maven/artifact/metadata/AbstractArtifactMetadata done
Event: 9.178 loading class org/apache/maven/repository/legacy/metadata/AbstractArtifactMetadata
Event: 9.178 loading class org/apache/maven/repository/legacy/metadata/AbstractArtifactMetadata done
Event: 9.179 loading class org/eclipse/aether/util/artifact/SubArtifact
Event: 9.179 loading class org/eclipse/aether/util/artifact/SubArtifact done
Event: 9.179 Executing VM operation: Deoptimize
Event: 9.180 Executing VM operation: Deoptimize done


Dynamic libraries:
0x00007ff7ceff0000 - 0x00007ff7cf037000 	C:\Program Files\Java\jdk1.8.0_301\bin\java.exe
0x00007ff82ccd0000 - 0x00007ff82cec5000 	C:\WINDOWS\SYSTEM32\ntdll.dll
0x00007ff82c9a0000 - 0x00007ff82ca5e000 	C:\WINDOWS\System32\KERNEL32.DLL
0x00007ff82a820000 - 0x00007ff82aae9000 	C:\WINDOWS\System32\KERNELBASE.dll
0x00007ff82b290000 - 0x00007ff82b33c000 	C:\WINDOWS\System32\ADVAPI32.dll
0x00007ff82cbf0000 - 0x00007ff82cc8e000 	C:\WINDOWS\System32\msvcrt.dll
0x00007ff82c740000 - 0x00007ff82c7db000 	C:\WINDOWS\System32\sechost.dll
0x00007ff82b0b0000 - 0x00007ff82b1da000 	C:\WINDOWS\System32\RPCRT4.dll
0x00007ff82aea0000 - 0x00007ff82b041000 	C:\WINDOWS\System32\USER32.dll
0x00007ff82a6e0000 - 0x00007ff82a702000 	C:\WINDOWS\System32\win32u.dll
0x00007ff82cb20000 - 0x00007ff82cb4b000 	C:\WINDOWS\System32\GDI32.dll
0x00007ff82a710000 - 0x00007ff82a81b000 	C:\WINDOWS\System32\gdi32full.dll
0x00007ff82ac50000 - 0x00007ff82aced000 	C:\WINDOWS\System32\msvcp_win.dll
0x00007ff82a450000 - 0x00007ff82a550000 	C:\WINDOWS\System32\ucrtbase.dll
0x00007ff815780000 - 0x00007ff815a1a000 	C:\WINDOWS\WinSxS\amd64_microsoft.windows.common-controls_6595b64144ccf1df_6.0.19041.1110_none_60b5254171f9507e\COMCTL32.dll
0x00007ff82cb50000 - 0x00007ff82cb80000 	C:\WINDOWS\System32\IMM32.DLL
0x00007ff80b9a0000 - 0x00007ff80b9b5000 	C:\Program Files\Java\jdk1.8.0_301\jre\bin\vcruntime140.dll
0x00007ff800060000 - 0x00007ff8000fb000 	C:\Program Files\Java\jdk1.8.0_301\jre\bin\msvcp140.dll
0x00000000544c0000 - 0x0000000054d20000 	C:\Program Files\Java\jdk1.8.0_301\jre\bin\server\jvm.dll
0x00007ff82bad0000 - 0x00007ff82bad8000 	C:\WINDOWS\System32\PSAPI.DLL
0x00007ff820f40000 - 0x00007ff820f4a000 	C:\WINDOWS\SYSTEM32\VERSION.dll
0x00007ff819db0000 - 0x00007ff819dd7000 	C:\WINDOWS\SYSTEM32\WINMM.dll
0x00007ff81b430000 - 0x00007ff81b439000 	C:\WINDOWS\SYSTEM32\WSOCK32.dll
0x00007ff82cb80000 - 0x00007ff82cbeb000 	C:\WINDOWS\System32\WS2_32.dll
0x00007ff828c70000 - 0x00007ff828c82000 	C:\WINDOWS\SYSTEM32\kernel.appcore.dll
0x00007ff81f8f0000 - 0x00007ff81f900000 	C:\Program Files\Java\jdk1.8.0_301\jre\bin\verify.dll
0x00007ff80b7a0000 - 0x00007ff80b7cb000 	C:\Program Files\Java\jdk1.8.0_301\jre\bin\java.dll
0x00007ff801700000 - 0x00007ff801730000 	C:\Program Files\Java\jdk1.8.0_301\jre\bin\instrument.dll
0x00007ff80b6c0000 - 0x00007ff80b6d8000 	C:\Program Files\Java\jdk1.8.0_301\jre\bin\zip.dll
0x00007ff82bca0000 - 0x00007ff82c3df000 	C:\WINDOWS\System32\SHELL32.dll
0x00007ff827de0000 - 0x00007ff828570000 	C:\WINDOWS\SYSTEM32\windows.storage.dll
0x00007ff82c3e0000 - 0x00007ff82c735000 	C:\WINDOWS\System32\combase.dll
0x00007ff829e40000 - 0x00007ff829e6c000 	C:\WINDOWS\SYSTEM32\Wldp.dll
0x00007ff82b840000 - 0x00007ff82b8ee000 	C:\WINDOWS\System32\SHCORE.dll
0x00007ff82b050000 - 0x00007ff82b0a5000 	C:\WINDOWS\System32\shlwapi.dll
0x00007ff82a330000 - 0x00007ff82a34f000 	C:\WINDOWS\SYSTEM32\profapi.dll
0x00007ff803140000 - 0x00007ff80315a000 	C:\Program Files\JetBrains\IntelliJ IDEA Community Edition 2021.2\bin\breakgen64.dll
0x00007ff80b1e0000 - 0x00007ff80b1fc000 	C:\Program Files\Java\jdk1.8.0_301\jre\bin\net.dll
0x00007ff829ba0000 - 0x00007ff829c0a000 	C:\WINDOWS\system32\mswsock.dll
0x00007ff829d90000 - 0x00007ff829da8000 	C:\WINDOWS\SYSTEM32\CRYPTSP.dll
0x00007ff8294b0000 - 0x00007ff8294e4000 	C:\WINDOWS\system32\rsaenh.dll
0x00007ff82acf0000 - 0x00007ff82ad17000 	C:\WINDOWS\System32\bcrypt.dll
0x00007ff82a2b0000 - 0x00007ff82a2de000 	C:\WINDOWS\SYSTEM32\USERENV.dll
0x00007ff82a650000 - 0x00007ff82a6d3000 	C:\WINDOWS\System32\bcryptprimitives.dll
0x00007ff829db0000 - 0x00007ff829dbc000 	C:\WINDOWS\SYSTEM32\CRYPTBASE.dll
0x00007ff829840000 - 0x00007ff82987b000 	C:\WINDOWS\SYSTEM32\IPHLPAPI.DLL
0x00007ff82c990000 - 0x00007ff82c998000 	C:\WINDOWS\System32\NSI.dll
0x00007ff820b90000 - 0x00007ff820ba7000 	C:\WINDOWS\SYSTEM32\dhcpcsvc6.DLL
0x00007ff820b70000 - 0x00007ff820b8d000 	C:\WINDOWS\SYSTEM32\dhcpcsvc.DLL
0x00007ff829880000 - 0x00007ff82994c000 	C:\WINDOWS\SYSTEM32\DNSAPI.dll
0x00007ff803200000 - 0x00007ff803213000 	C:\Program Files\Java\jdk1.8.0_301\jre\bin\nio.dll
0x00007ff80b610000 - 0x00007ff80b61a000 	C:\Users\User\AppData\Local\Temp\jansi-1.17.1-7432697235016111966.dll
0x00007ff80b5e0000 - 0x00007ff80b5ea000 	C:\Users\User\AppData\Local\Temp\jansi-1.17.1-5214034824911256975.dll
0x00007ff81dd20000 - 0x00007ff81dd2d000 	C:\Program Files\Java\jdk1.8.0_301\jre\bin\management.dll
0x00007ff815560000 - 0x00007ff815577000 	C:\WINDOWS\system32\napinsp.dll
0x00007ff815540000 - 0x00007ff81555b000 	C:\WINDOWS\system32\pnrpnsp.dll
0x00007ff8223f0000 - 0x00007ff822405000 	C:\WINDOWS\system32\wshbth.dll
0x00007ff821e20000 - 0x00007ff821e3d000 	C:\WINDOWS\system32\NLAapi.dll
0x00007ff815520000 - 0x00007ff815532000 	C:\WINDOWS\System32\winrnr.dll
0x00007ff820b60000 - 0x00007ff820b6a000 	C:\Windows\System32\rasadhlp.dll
0x00007ff81fee0000 - 0x00007ff81ff5f000 	C:\WINDOWS\System32\fwpuclnt.dll
0x00007ff828630000 - 0x00007ff828814000 	C:\WINDOWS\SYSTEM32\dbghelp.dll

VM Arguments:
jvm_args: -Dmaven.multiModuleProjectDirectory=C:\DO\nwu\AccountSystemTest -Dmaven.home=C:\Program Files\JetBrains\IntelliJ IDEA Community Edition 2021.2\plugins\maven\lib\maven3 -Dclassworlds.conf=C:\Program Files\JetBrains\IntelliJ IDEA Community Edition 2021.2\plugins\maven\lib\maven3\bin\m2.conf -Dmaven.ext.class.path=C:\Program Files\JetBrains\IntelliJ IDEA Community Edition 2021.2\plugins\maven\lib\maven-event-listener.jar -javaagent:C:\Program Files\JetBrains\IntelliJ IDEA Community Edition 2021.2\lib\idea_rt.jar=55138:C:\Program Files\JetBrains\IntelliJ IDEA Community Edition 2021.2\bin -Dfile.encoding=UTF-8 
java_command: org.codehaus.classworlds.Launcher -Didea.version=2021.2 -s C:\Program Files\apache-maven-3.8.2\conf\settings.xml clean install
java_class_path (initial): C:\Program Files\JetBrains\IntelliJ IDEA Community Edition 2021.2\plugins\maven\lib\maven3\boot\plexus-classworlds-2.6.0.jar;C:\Program Files\JetBrains\IntelliJ IDEA Community Edition 2021.2\plugins\maven\lib\maven3\boot\plexus-classworlds.license;C:\Program Files\JetBrains\IntelliJ IDEA Community Edition 2021.2\lib\idea_rt.jar
Launcher Type: SUN_STANDARD

Environment Variables:
PATH=C:\oraclexe\app\oracle\product\11.2.0\server\bin;C:\WINDOWS\system32;C:\WINDOWS;C:\WINDOWS\System32\Wbem;C:\WINDOWS\System32\WindowsPowerShell\v1.0\;C:\WINDOWS\System32\OpenSSH\;C:\Program Files\Git\cmd;C:\Program Files\JetBrains\IntelliJ IDEA Community Edition 2021.2\bin;C:\Program Files\Java\jdk1.8.0_301\bin;C:\Program Files\apache-maven-3.8.2\bin;C:\Program Files\dotnet\;C:\Program Files\Microsoft SQL Server\130\Tools\Binn\;C:\Program Files\Microsoft SQL Server\Client SDK\ODBC\170\Tools\Binn\;C:\Users\User\AppData\Local\Microsoft\WindowsApps;C:\Program Files\JetBrains\IntelliJ IDEA 2021.2\bin;;C:\Program Files\JetBrains\IntelliJ IDEA Community Edition 2021.2\bin;;C:\Program Files\JetBrains\IntelliJ IDEA Community Edition 2021.2\bin;C:\Program Files\Java\jdk1.8.0_301\bin;C:\Program Files\apache-maven-3.8.2\bin;C:\Users\User\.dotnet\tools
USERNAME=User
OS=Windows_NT
PROCESSOR_IDENTIFIER=Intel64 Family 6 Model 142 Stepping 10, GenuineIntel



---------------  S Y S T E M  ---------------

OS: Windows 10.0 , 64 bit Build 19041 (10.0.19041.1202)

CPU:total 8 (initial active 8) (4 cores per cpu, 2 threads per core) family 6 model 142 stepping 10, cmov, cx8, fxsr, mmx, sse, sse2, sse3, ssse3, sse4.1, sse4.2, popcnt, avx, avx2, aes, clmul, erms, 3dnowpref, lzcnt, ht, tsc, tscinvbit, bmi1, bmi2, adx

Memory: 4k page, physical 4075748k(81320k free), swap 16658660k(7376k free)

vm_info: Java HotSpot(TM) 64-Bit Server VM (25.301-b09) for windows-amd64 JRE (1.8.0_301-b09), built on Jun  9 2021 06:46:21 by "java_re" with MS VC++ 15.9 (VS2017)

time: Tue Sep 28 00:10:35 2021
timezone: South Africa Standard Time
elapsed time: 9.555037 seconds (0d 0h 0m 9s)

