#
# There is insufficient memory for the Java Runtime Environment to continue.
# Native memory allocation (malloc) failed to allocate 1325648 bytes for Chunk::new
# Possible reasons:
#   The system is out of physical RAM or swap space
#   The process is running with CompressedOops enabled, and the Java Heap may be blocking the growth of the native heap
# Possible solutions:
#   Reduce memory load on the system
#   Increase physical memory or swap space
#   Check if swap backing store is full
#   Decrease Java heap size (-Xmx/-Xms)
#   Decrease number of Java threads
#   Decrease Java thread stack sizes (-Xss)
#   Set larger code cache with -XX:ReservedCodeCacheSize=
#   JVM is running with Unscaled Compressed Oops mode in which the Java heap is
#     placed in the first 4GB address space. The Java Heap base address is the
#     maximum limit for the native heap growth. Please use -XX:HeapBaseMinAddress
#     to set the Java Heap base and to place the Java Heap above 4GB virtual address.
# This output file may be truncated or incomplete.
#
#  Out of Memory Error (allocation.cpp:389), pid=668, tid=0x0000000000004b40
#
# JRE version: Java(TM) SE Runtime Environment (8.0_301-b09) (build 1.8.0_301-b09)
# Java VM: Java HotSpot(TM) 64-Bit Server VM (25.301-b09 mixed mode windows-amd64 compressed oops)
# Failed to write core dump. Minidumps are not enabled by default on client versions of Windows
#

---------------  T H R E A D  ---------------

Current thread (0x0000024ea37a4000):  JavaThread "C2 CompilerThread0" daemon [_thread_in_native, id=19264, stack(0x0000007f58c00000,0x0000007f58d00000)]

Stack: [0x0000007f58c00000,0x0000007f58d00000]
Native frames: (J=compiled Java code, j=interpreted, Vv=VM code, C=native code)
V  [jvm.dll+0x32ed79]
V  [jvm.dll+0x275722]
V  [jvm.dll+0x2763cd]
V  [jvm.dll+0x26ce05]
V  [jvm.dll+0xd551c]
V  [jvm.dll+0xd5d1c]
V  [jvm.dll+0x470195]
V  [jvm.dll+0x437e08]
V  [jvm.dll+0x440c55]
V  [jvm.dll+0x440015]
V  [jvm.dll+0x42ae57]
V  [jvm.dll+0xac1bb]
V  [jvm.dll+0xaa81b]
V  [jvm.dll+0x23ddc2]
V  [jvm.dll+0x2923dc]
C  [ucrtbase.dll+0x21bb2]
C  [KERNEL32.DLL+0x17034]
C  [ntdll.dll+0x52651]


Current CompileTask:
C2:  19220 5451   !   4       org.codehaus.plexus.interpolation.StringSearchInterpolator::interpolate (650 bytes)


---------------  P R O C E S S  ---------------

Java Threads: ( => current thread )
  0x0000024ea5631000 JavaThread "Service Thread" daemon [_thread_blocked, id=6616, stack(0x0000007f59000000,0x0000007f59100000)]
  0x0000024ea5598800 JavaThread "C1 CompilerThread3" daemon [_thread_blocked, id=8264, stack(0x0000007f58f00000,0x0000007f59000000)]
  0x0000024ea37a8800 JavaThread "C2 CompilerThread2" daemon [_thread_in_native, id=14504, stack(0x0000007f58e00000,0x0000007f58f00000)]
  0x0000024ea37a6000 JavaThread "C2 CompilerThread1" daemon [_thread_blocked, id=12708, stack(0x0000007f58d00000,0x0000007f58e00000)]
=>0x0000024ea37a4000 JavaThread "C2 CompilerThread0" daemon [_thread_in_native, id=19264, stack(0x0000007f58c00000,0x0000007f58d00000)]
  0x0000024ea379f800 JavaThread "Monitor Ctrl-Break" daemon [_thread_in_native, id=5988, stack(0x0000007f58b00000,0x0000007f58c00000)]
  0x0000024ea3734000 JavaThread "Attach Listener" daemon [_thread_blocked, id=16764, stack(0x0000007f58a00000,0x0000007f58b00000)]
  0x0000024ea3732800 JavaThread "Signal Dispatcher" daemon [_thread_blocked, id=17124, stack(0x0000007f58900000,0x0000007f58a00000)]
  0x0000024ea370f800 JavaThread "Finalizer" daemon [_thread_blocked, id=4680, stack(0x0000007f58800000,0x0000007f58900000)]
  0x0000024ea3700000 JavaThread "Reference Handler" daemon [_thread_blocked, id=12924, stack(0x0000007f58700000,0x0000007f58800000)]
  0x0000024e8faa7800 JavaThread "main" [_thread_in_native, id=8016, stack(0x0000007f57d00000,0x0000007f57e00000)]

Other Threads:
  0x0000024ea36d6000 VMThread [stack: 0x0000007f58600000,0x0000007f58700000] [id=5068]
  0x0000024ea55da800 WatcherThread [stack: 0x0000007f59100000,0x0000007f59200000] [id=6992]

VM state:not at safepoint (normal execution)

VM Mutex/Monitor currently owned by a thread: None

heap address: 0x00000000c1c00000, size: 996 MB, Compressed Oops mode: 32-bit
Narrow klass base: 0x0000000000000000, Narrow klass shift: 3
Compressed class space size: 1073741824 Address: 0x0000000100000000

Heap:
 PSYoungGen      total 197120K, used 38781K [0x00000000eb400000, 0x00000000fd500000, 0x0000000100000000)
  eden space 178688K, 21% used [0x00000000eb400000,0x00000000ed9df4a8,0x00000000f6280000)
  from space 18432K, 0% used [0x00000000f6280000,0x00000000f6280000,0x00000000f7480000)
  to   space 17408K, 0% used [0x00000000fc400000,0x00000000fc400000,0x00000000fd500000)
 ParOldGen       total 76288K, used 33792K [0x00000000c1c00000, 0x00000000c6680000, 0x00000000eb400000)
  object space 76288K, 44% used [0x00000000c1c00000,0x00000000c3d000e8,0x00000000c6680000)
 Metaspace       used 28474K, capacity 29308K, committed 29568K, reserved 1075200K
  class space    used 3344K, capacity 3598K, committed 3712K, reserved 1048576K

Card table byte_map: [0x0000024ea0820000,0x0000024ea0a20000] byte_map_base: 0x0000024ea0212000

Marking Bits: (ParMarkBitMap*) 0x0000000054ca7fe0
 Begin Bits: [0x0000024ea0b70000, 0x0000024ea1b00000)
 End Bits:   [0x0000024ea1b00000, 0x0000024ea2a90000)

Polling page: 0x0000024e91430000

CodeCache: size=245760Kb used=17510Kb max_used=17522Kb free=228249Kb
 bounds [0x0000024e91460000, 0x0000024e925a0000, 0x0000024ea0460000]
 total_blobs=5286 nmethods=4845 adapters=353
 compilation: enabled

Compilation events (10 events):
Event: 19.124 Thread 0x0000024ea5598800 5536       3       com.google.common.collect.LinkedHashMultimap$ValueEntry::setPredecessorInValueSet (6 bytes)
Event: 19.124 Thread 0x0000024ea5598800 nmethod 5536 0x0000024e9257c850 code [0x0000024e9257c9a0, 0x0000024e9257cb18]
Event: 19.124 Thread 0x0000024ea5598800 5525       3       com.google.inject.internal.InjectorShell$InjectorFactory::get (5 bytes)
Event: 19.124 Thread 0x0000024ea5598800 nmethod 5525 0x0000024e9257cb90 code [0x0000024e9257cce0, 0x0000024e9257ce38]
Event: 19.124 Thread 0x0000024ea5598800 5538       1       org.apache.maven.plugin.descriptor.PluginDescriptor::getClassRealm (5 bytes)
Event: 19.124 Thread 0x0000024ea5598800 nmethod 5538 0x0000024e9257ced0 code [0x0000024e9257d020, 0x0000024e9257d138]
Event: 19.124 Thread 0x0000024ea37a8800 nmethod 5505 0x0000024e9257d190 code [0x0000024e9257d700, 0x0000024e92580418]
Event: 19.125 Thread 0x0000024ea37a8800 5511   !   4       sun.misc.URLClassPath$JarLoader::getResource (85 bytes)
Event: 19.142 Thread 0x0000024ea37a8800 nmethod 5511 0x0000024e92575190 code [0x0000024e925753c0, 0x0000024e92575dd0]
Event: 19.142 Thread 0x0000024ea37a8800 5509  s!   4       sun.misc.URLClassPath::getLoader (243 bytes)

GC Heap History (10 events):
Event: 10.511 GC heap before
{Heap before GC invocations=9 (full 1):
 PSYoungGen      total 138752K, used 9223K [0x00000000eb400000, 0x00000000f4900000, 0x0000000100000000)
  eden space 128000K, 0% used [0x00000000eb400000,0x00000000eb400000,0x00000000f3100000)
  from space 10752K, 85% used [0x00000000f3c80000,0x00000000f4581f58,0x00000000f4700000)
  to   space 11776K, 0% used [0x00000000f3100000,0x00000000f3100000,0x00000000f3c80000)
 ParOldGen       total 44032K, used 12473K [0x00000000c1c00000, 0x00000000c4700000, 0x00000000eb400000)
  object space 44032K, 28% used [0x00000000c1c00000,0x00000000c282e460,0x00000000c4700000)
 Metaspace       used 20618K, capacity 21132K, committed 21296K, reserved 1069056K
  class space    used 2475K, capacity 2629K, committed 2688K, reserved 1048576K
Event: 10.572 GC heap after
Heap after GC invocations=9 (full 1):
 PSYoungGen      total 138752K, used 0K [0x00000000eb400000, 0x00000000f4900000, 0x0000000100000000)
  eden space 128000K, 0% used [0x00000000eb400000,0x00000000eb400000,0x00000000f3100000)
  from space 10752K, 0% used [0x00000000f3c80000,0x00000000f3c80000,0x00000000f4700000)
  to   space 11776K, 0% used [0x00000000f3100000,0x00000000f3100000,0x00000000f3c80000)
 ParOldGen       total 39424K, used 12456K [0x00000000c1c00000, 0x00000000c4280000, 0x00000000eb400000)
  object space 39424K, 31% used [0x00000000c1c00000,0x00000000c282a1a0,0x00000000c4280000)
 Metaspace       used 20618K, capacity 21132K, committed 21296K, reserved 1069056K
  class space    used 2475K, capacity 2629K, committed 2688K, reserved 1048576K
}
Event: 13.543 GC heap before
{Heap before GC invocations=10 (full 1):
 PSYoungGen      total 138752K, used 128000K [0x00000000eb400000, 0x00000000f4900000, 0x0000000100000000)
  eden space 128000K, 100% used [0x00000000eb400000,0x00000000f3100000,0x00000000f3100000)
  from space 10752K, 0% used [0x00000000f3c80000,0x00000000f3c80000,0x00000000f4700000)
  to   space 11776K, 0% used [0x00000000f3100000,0x00000000f3100000,0x00000000f3c80000)
 ParOldGen       total 39424K, used 12456K [0x00000000c1c00000, 0x00000000c4280000, 0x00000000eb400000)
  object space 39424K, 31% used [0x00000000c1c00000,0x00000000c282a1a0,0x00000000c4280000)
 Metaspace       used 25974K, capacity 26694K, committed 26880K, reserved 1073152K
  class space    used 3049K, capacity 3259K, committed 3328K, reserved 1048576K
Event: 13.616 GC heap after
Heap after GC invocations=10 (full 1):
 PSYoungGen      total 139776K, used 11745K [0x00000000eb400000, 0x00000000f8300000, 0x0000000100000000)
  eden space 128000K, 0% used [0x00000000eb400000,0x00000000eb400000,0x00000000f3100000)
  from space 11776K, 99% used [0x00000000f3100000,0x00000000f3c78490,0x00000000f3c80000)
  to   space 14848K, 0% used [0x00000000f7480000,0x00000000f7480000,0x00000000f8300000)
 ParOldGen       total 39424K, used 16001K [0x00000000c1c00000, 0x00000000c4280000, 0x00000000eb400000)
  object space 39424K, 40% used [0x00000000c1c00000,0x00000000c2ba05b0,0x00000000c4280000)
 Metaspace       used 25974K, capacity 26694K, committed 26880K, reserved 1073152K
  class space    used 3049K, capacity 3259K, committed 3328K, reserved 1048576K
}
Event: 15.961 GC heap before
{Heap before GC invocations=11 (full 1):
 PSYoungGen      total 139776K, used 139745K [0x00000000eb400000, 0x00000000f8300000, 0x0000000100000000)
  eden space 128000K, 100% used [0x00000000eb400000,0x00000000f3100000,0x00000000f3100000)
  from space 11776K, 99% used [0x00000000f3100000,0x00000000f3c78490,0x00000000f3c80000)
  to   space 14848K, 0% used [0x00000000f7480000,0x00000000f7480000,0x00000000f8300000)
 ParOldGen       total 39424K, used 16001K [0x00000000c1c00000, 0x00000000c4280000, 0x00000000eb400000)
  object space 39424K, 40% used [0x00000000c1c00000,0x00000000c2ba05b0,0x00000000c4280000)
 Metaspace       used 26388K, capacity 27174K, committed 27392K, reserved 1073152K
  class space    used 3066K, capacity 3291K, committed 3328K, reserved 1048576K
Event: 15.983 GC heap after
Heap after GC invocations=11 (full 1):
 PSYoungGen      total 193536K, used 14837K [0x00000000eb400000, 0x00000000f8880000, 0x0000000100000000)
  eden space 178688K, 0% used [0x00000000eb400000,0x00000000eb400000,0x00000000f6280000)
  from space 14848K, 99% used [0x00000000f7480000,0x00000000f82fd4e0,0x00000000f8300000)
  to   space 18432K, 0% used [0x00000000f6280000,0x00000000f6280000,0x00000000f7480000)
 ParOldGen       total 39424K, used 19954K [0x00000000c1c00000, 0x00000000c4280000, 0x00000000eb400000)
  object space 39424K, 50% used [0x00000000c1c00000,0x00000000c2f7caa8,0x00000000c4280000)
 Metaspace       used 26388K, capacity 27174K, committed 27392K, reserved 1073152K
  class space    used 3066K, capacity 3291K, committed 3328K, reserved 1048576K
}
Event: 18.175 GC heap before
{Heap before GC invocations=12 (full 1):
 PSYoungGen      total 193536K, used 193525K [0x00000000eb400000, 0x00000000f8880000, 0x0000000100000000)
  eden space 178688K, 100% used [0x00000000eb400000,0x00000000f6280000,0x00000000f6280000)
  from space 14848K, 99% used [0x00000000f7480000,0x00000000f82fd4e0,0x00000000f8300000)
  to   space 18432K, 0% used [0x00000000f6280000,0x00000000f6280000,0x00000000f7480000)
 ParOldGen       total 39424K, used 19954K [0x00000000c1c00000, 0x00000000c4280000, 0x00000000eb400000)
  object space 39424K, 50% used [0x00000000c1c00000,0x00000000c2f7caa8,0x00000000c4280000)
 Metaspace       used 26955K, capacity 27800K, committed 27904K, reserved 1073152K
  class space    used 3106K, capacity 3326K, committed 3328K, reserved 1048576K
Event: 18.266 GC heap after
Heap after GC invocations=12 (full 1):
 PSYoungGen      total 197120K, used 7694K [0x00000000eb400000, 0x00000000fd500000, 0x0000000100000000)
  eden space 178688K, 0% used [0x00000000eb400000,0x00000000eb400000,0x00000000f6280000)
  from space 18432K, 41% used [0x00000000f6280000,0x00000000f6a03b60,0x00000000f7480000)
  to   space 17408K, 0% used [0x00000000fc400000,0x00000000fc400000,0x00000000fd500000)
 ParOldGen       total 39424K, used 34672K [0x00000000c1c00000, 0x00000000c4280000, 0x00000000eb400000)
  object space 39424K, 87% used [0x00000000c1c00000,0x00000000c3ddc358,0x00000000c4280000)
 Metaspace       used 26955K, capacity 27800K, committed 27904K, reserved 1073152K
  class space    used 3106K, capacity 3326K, committed 3328K, reserved 1048576K
}
Event: 18.267 GC heap before
{Heap before GC invocations=13 (full 2):
 PSYoungGen      total 197120K, used 7694K [0x00000000eb400000, 0x00000000fd500000, 0x0000000100000000)
  eden space 178688K, 0% used [0x00000000eb400000,0x00000000eb400000,0x00000000f6280000)
  from space 18432K, 41% used [0x00000000f6280000,0x00000000f6a03b60,0x00000000f7480000)
  to   space 17408K, 0% used [0x00000000fc400000,0x00000000fc400000,0x00000000fd500000)
 ParOldGen       total 39424K, used 34672K [0x00000000c1c00000, 0x00000000c4280000, 0x00000000eb400000)
  object space 39424K, 87% used [0x00000000c1c00000,0x00000000c3ddc358,0x00000000c4280000)
 Metaspace       used 26955K, capacity 27800K, committed 27904K, reserved 1073152K
  class space    used 3106K, capacity 3326K, committed 3328K, reserved 1048576K
Event: 18.438 GC heap after
Heap after GC invocations=13 (full 2):
 PSYoungGen      total 197120K, used 0K [0x00000000eb400000, 0x00000000fd500000, 0x0000000100000000)
  eden space 178688K, 0% used [0x00000000eb400000,0x00000000eb400000,0x00000000f6280000)
  from space 18432K, 0% used [0x00000000f6280000,0x00000000f6280000,0x00000000f7480000)
  to   space 17408K, 0% used [0x00000000fc400000,0x00000000fc400000,0x00000000fd500000)
 ParOldGen       total 76288K, used 33792K [0x00000000c1c00000, 0x00000000c6680000, 0x00000000eb400000)
  object space 76288K, 44% used [0x00000000c1c00000,0x00000000c3d000e8,0x00000000c6680000)
 Metaspace       used 26955K, capacity 27800K, committed 27904K, reserved 1073152K
  class space    used 3106K, capacity 3326K, committed 3328K, reserved 1048576K
}

Deoptimization events (10 events):
Event: 18.461 Thread 0x0000024e8faa7800 Uncommon trap: reason=predicate action=maybe_recompile pc=0x0000024e916ae5f0 method=java.util.ComparableTimSort.binarySort([Ljava/lang/Object;III)V @ 37
Event: 18.461 Thread 0x0000024e8faa7800 Uncommon trap: reason=array_check action=maybe_recompile pc=0x0000024e92260e84 method=java.util.ComparableTimSort.binarySort([Ljava/lang/Object;III)V @ 215
Event: 18.466 Thread 0x0000024e8faa7800 Uncommon trap: reason=array_check action=maybe_recompile pc=0x0000024e92260fc0 method=java.util.ComparableTimSort.binarySort([Ljava/lang/Object;III)V @ 183
Event: 18.505 Thread 0x0000024e8faa7800 Uncommon trap: reason=unstable_if action=reinterpret pc=0x0000024e923a8590 method=com.sun.tools.javac.jvm.ClassReader.readPool(I)Ljava/lang/Object; @ 21
Event: 18.506 Thread 0x0000024e8faa7800 Uncommon trap: reason=unstable_if action=reinterpret pc=0x0000024e923eab20 method=com.sun.tools.javac.jvm.ClassReader.readName(I)Lcom/sun/tools/javac/util/Name; @ 7
Event: 18.683 Thread 0x0000024e8faa7800 Uncommon trap: reason=unstable_if action=reinterpret pc=0x0000024e92273c80 method=com.sun.tools.javac.code.Scope.lookup(Lcom/sun/tools/javac/util/Name;Lcom/sun/tools/javac/util/Filter;)Lcom/sun/tools/javac/code/Scope$Entry; @ 19
Event: 18.690 Thread 0x0000024e8faa7800 Uncommon trap: reason=predicate action=maybe_recompile pc=0x0000024e9243ab3c method=com.sun.tools.javac.code.Type.containsAny(Lcom/sun/tools/javac/util/List;)Z @ 14
Event: 18.699 Thread 0x0000024e8faa7800 Uncommon trap: reason=unstable_if action=reinterpret pc=0x0000024e922b94c0 method=com.sun.tools.javac.code.Types$18.visitClassType(Lcom/sun/tools/javac/code/Type$ClassType;Ljava/lang/Void;)Lcom/sun/tools/javac/code/Type; @ 75
Event: 18.911 Thread 0x0000024e8faa7800 Uncommon trap: reason=unstable_if action=reinterpret pc=0x0000024e9233f60c method=java.util.jar.Attributes$Name.isAlpha(C)Z @ 21
Event: 18.911 Thread 0x0000024e8faa7800 Uncommon trap: reason=unstable_if action=reinterpret pc=0x0000024e91ff92c8 method=java.util.jar.Attributes$Name.isAlpha(C)Z @ 21

Classes redefined (0 events):
No events

Internal exceptions (10 events):
Event: 18.162 Thread 0x0000024e8faa7800 Exception <a 'java/io/FileNotFoundException'> (0x00000000f621aaf0) thrown at [C:\jenkins\workspace\8-2-build-windows-amd64-cygwin\jdk8u301\1513\hotspot\src\share\vm\prims\jni.cpp, line 710]
Event: 18.163 Thread 0x0000024e8faa7800 Exception <a 'java/io/FileNotFoundException'> (0x00000000f621c5f0) thrown at [C:\jenkins\workspace\8-2-build-windows-amd64-cygwin\jdk8u301\1513\hotspot\src\share\vm\prims\jni.cpp, line 710]
Event: 18.167 Thread 0x0000024e8faa7800 Exception <a 'java/io/FileNotFoundException'> (0x00000000f622cc10) thrown at [C:\jenkins\workspace\8-2-build-windows-amd64-cygwin\jdk8u301\1513\hotspot\src\share\vm\prims\jni.cpp, line 710]
Event: 18.167 Thread 0x0000024e8faa7800 Exception <a 'java/io/FileNotFoundException'> (0x00000000f622dbd8) thrown at [C:\jenkins\workspace\8-2-build-windows-amd64-cygwin\jdk8u301\1513\hotspot\src\share\vm\prims\jni.cpp, line 710]
Event: 18.167 Thread 0x0000024e8faa7800 Exception <a 'java/io/FileNotFoundException'> (0x00000000f622ed20) thrown at [C:\jenkins\workspace\8-2-build-windows-amd64-cygwin\jdk8u301\1513\hotspot\src\share\vm\prims\jni.cpp, line 710]
Event: 18.167 Thread 0x0000024e8faa7800 Exception <a 'java/io/FileNotFoundException'> (0x00000000f622fc60) thrown at [C:\jenkins\workspace\8-2-build-windows-amd64-cygwin\jdk8u301\1513\hotspot\src\share\vm\prims\jni.cpp, line 710]
Event: 18.167 Thread 0x0000024e8faa7800 Exception <a 'java/io/FileNotFoundException'> (0x00000000f6230c20) thrown at [C:\jenkins\workspace\8-2-build-windows-amd64-cygwin\jdk8u301\1513\hotspot\src\share\vm\prims\jni.cpp, line 710]
Event: 18.167 Thread 0x0000024e8faa7800 Exception <a 'java/io/FileNotFoundException'> (0x00000000f6231ca0) thrown at [C:\jenkins\workspace\8-2-build-windows-amd64-cygwin\jdk8u301\1513\hotspot\src\share\vm\prims\jni.cpp, line 710]
Event: 18.506 Thread 0x0000024e8faa7800 Implicit null exception at 0x0000024e923eaad8 to 0x0000024e923eab0e
Event: 18.762 Thread 0x0000024e8faa7800 Exception <a 'java/lang/NoSuchMethodError': org.apache.maven.execution.MavenExecutionRequest.getFailureBehavior()Ljava/lang/String;> (0x00000000ec3ad978) thrown at [C:\jenkins\workspace\8-2-build-windows-amd64-cygwin\jdk8u301\1513\hotspot\src\share\vm\int

Events (10 events):
Event: 19.159 loading class java/io/ObjectOutputStream done
Event: 19.159 loading class com/thoughtworks/xstream/core/util/CustomObjectOutputStream
Event: 19.159 loading class com/thoughtworks/xstream/core/util/CustomObjectOutputStream done
Event: 19.159 loading class com/thoughtworks/xstream/core/util/CustomObjectOutputStream
Event: 19.159 loading class com/thoughtworks/xstream/core/util/CustomObjectOutputStream done
Event: 19.161 loading class com/thoughtworks/xstream/core/util/CustomObjectInputStream$StreamCallback
Event: 19.161 loading class com/thoughtworks/xstream/core/util/CustomObjectInputStream$StreamCallback done
Event: 19.161 loading class com/thoughtworks/xstream/core/util/CustomObjectInputStream$StreamCallback
Event: 19.161 loading class com/thoughtworks/xstream/core/util/CustomObjectInputStream$StreamCallback done
Event: 19.161 loading class java/io/ObjectInputStream


Dynamic libraries:
0x00007ff6d9dc0000 - 0x00007ff6d9e07000 	C:\Program Files\Java\jdk1.8.0_301\bin\java.exe
0x00007ff82ccd0000 - 0x00007ff82cec5000 	C:\WINDOWS\SYSTEM32\ntdll.dll
0x00007ff82c9a0000 - 0x00007ff82ca5e000 	C:\WINDOWS\System32\KERNEL32.DLL
0x00007ff82a820000 - 0x00007ff82aae9000 	C:\WINDOWS\System32\KERNELBASE.dll
0x00007ff82b290000 - 0x00007ff82b33c000 	C:\WINDOWS\System32\ADVAPI32.dll
0x00007ff82cbf0000 - 0x00007ff82cc8e000 	C:\WINDOWS\System32\msvcrt.dll
0x00007ff82c740000 - 0x00007ff82c7db000 	C:\WINDOWS\System32\sechost.dll
0x00007ff82b0b0000 - 0x00007ff82b1da000 	C:\WINDOWS\System32\RPCRT4.dll
0x00007ff82aea0000 - 0x00007ff82b041000 	C:\WINDOWS\System32\USER32.dll
0x00007ff82a6e0000 - 0x00007ff82a702000 	C:\WINDOWS\System32\win32u.dll
0x00007ff82cb20000 - 0x00007ff82cb4b000 	C:\WINDOWS\System32\GDI32.dll
0x00007ff82a710000 - 0x00007ff82a81b000 	C:\WINDOWS\System32\gdi32full.dll
0x00007ff82ac50000 - 0x00007ff82aced000 	C:\WINDOWS\System32\msvcp_win.dll
0x00007ff82a450000 - 0x00007ff82a550000 	C:\WINDOWS\System32\ucrtbase.dll
0x00007ff815780000 - 0x00007ff815a1a000 	C:\WINDOWS\WinSxS\amd64_microsoft.windows.common-controls_6595b64144ccf1df_6.0.19041.1110_none_60b5254171f9507e\COMCTL32.dll
0x00007ff82cb50000 - 0x00007ff82cb80000 	C:\WINDOWS\System32\IMM32.DLL
0x00007ff80b9a0000 - 0x00007ff80b9b5000 	C:\Program Files\Java\jdk1.8.0_301\jre\bin\vcruntime140.dll
0x00007ffff9830000 - 0x00007ffff98cb000 	C:\Program Files\Java\jdk1.8.0_301\jre\bin\msvcp140.dll
0x00000000544c0000 - 0x0000000054d20000 	C:\Program Files\Java\jdk1.8.0_301\jre\bin\server\jvm.dll
0x00007ff82bad0000 - 0x00007ff82bad8000 	C:\WINDOWS\System32\PSAPI.DLL
0x00007ff819db0000 - 0x00007ff819dd7000 	C:\WINDOWS\SYSTEM32\WINMM.dll
0x00007ff81b430000 - 0x00007ff81b439000 	C:\WINDOWS\SYSTEM32\WSOCK32.dll
0x00007ff820f40000 - 0x00007ff820f4a000 	C:\WINDOWS\SYSTEM32\VERSION.dll
0x00007ff82cb80000 - 0x00007ff82cbeb000 	C:\WINDOWS\System32\WS2_32.dll
0x00007ff828c70000 - 0x00007ff828c82000 	C:\WINDOWS\SYSTEM32\kernel.appcore.dll
0x00007ff81f8f0000 - 0x00007ff81f900000 	C:\Program Files\Java\jdk1.8.0_301\jre\bin\verify.dll
0x00007ff80b7a0000 - 0x00007ff80b7cb000 	C:\Program Files\Java\jdk1.8.0_301\jre\bin\java.dll
0x00007ff801700000 - 0x00007ff801730000 	C:\Program Files\Java\jdk1.8.0_301\jre\bin\instrument.dll
0x00007ff80b6c0000 - 0x00007ff80b6d8000 	C:\Program Files\Java\jdk1.8.0_301\jre\bin\zip.dll
0x00007ff82bca0000 - 0x00007ff82c3df000 	C:\WINDOWS\System32\SHELL32.dll
0x00007ff827de0000 - 0x00007ff828570000 	C:\WINDOWS\SYSTEM32\windows.storage.dll
0x00007ff82c3e0000 - 0x00007ff82c735000 	C:\WINDOWS\System32\combase.dll
0x00007ff829e40000 - 0x00007ff829e6c000 	C:\WINDOWS\SYSTEM32\Wldp.dll
0x00007ff82b840000 - 0x00007ff82b8ee000 	C:\WINDOWS\System32\SHCORE.dll
0x00007ff82b050000 - 0x00007ff82b0a5000 	C:\WINDOWS\System32\shlwapi.dll
0x00007ff82a330000 - 0x00007ff82a34f000 	C:\WINDOWS\SYSTEM32\profapi.dll
0x00007ff802c90000 - 0x00007ff802caa000 	C:\Program Files\JetBrains\IntelliJ IDEA Community Edition 2021.2\bin\breakgen64.dll
0x00007ff80b1e0000 - 0x00007ff80b1fc000 	C:\Program Files\Java\jdk1.8.0_301\jre\bin\net.dll
0x00007ff829ba0000 - 0x00007ff829c0a000 	C:\WINDOWS\system32\mswsock.dll
0x00007ff829d90000 - 0x00007ff829da8000 	C:\WINDOWS\SYSTEM32\CRYPTSP.dll
0x00007ff8294b0000 - 0x00007ff8294e4000 	C:\WINDOWS\system32\rsaenh.dll
0x00007ff82acf0000 - 0x00007ff82ad17000 	C:\WINDOWS\System32\bcrypt.dll
0x00007ff82a2b0000 - 0x00007ff82a2de000 	C:\WINDOWS\SYSTEM32\USERENV.dll
0x00007ff82a650000 - 0x00007ff82a6d3000 	C:\WINDOWS\System32\bcryptprimitives.dll
0x00007ff829db0000 - 0x00007ff829dbc000 	C:\WINDOWS\SYSTEM32\CRYPTBASE.dll
0x00007ff829840000 - 0x00007ff82987b000 	C:\WINDOWS\SYSTEM32\IPHLPAPI.DLL
0x00007ff82c990000 - 0x00007ff82c998000 	C:\WINDOWS\System32\NSI.dll
0x00007ff820b90000 - 0x00007ff820ba7000 	C:\WINDOWS\SYSTEM32\dhcpcsvc6.DLL
0x00007ff820b70000 - 0x00007ff820b8d000 	C:\WINDOWS\SYSTEM32\dhcpcsvc.DLL
0x00007ff829880000 - 0x00007ff82994c000 	C:\WINDOWS\SYSTEM32\DNSAPI.dll
0x00007ff803200000 - 0x00007ff803213000 	C:\Program Files\Java\jdk1.8.0_301\jre\bin\nio.dll
0x00007ff80b610000 - 0x00007ff80b61a000 	C:\Users\User\AppData\Local\Temp\jansi-1.17.1-5718253492610465264.dll
0x00007ff80b5e0000 - 0x00007ff80b5ea000 	C:\Users\User\AppData\Local\Temp\jansi-1.17.1-694451429364895984.dll
0x00007ff81dd20000 - 0x00007ff81dd2d000 	C:\Program Files\Java\jdk1.8.0_301\jre\bin\management.dll
0x00007ff815560000 - 0x00007ff815577000 	C:\WINDOWS\system32\napinsp.dll
0x00007ff815540000 - 0x00007ff81555b000 	C:\WINDOWS\system32\pnrpnsp.dll
0x00007ff8223f0000 - 0x00007ff822405000 	C:\WINDOWS\system32\wshbth.dll
0x00007ff821e20000 - 0x00007ff821e3d000 	C:\WINDOWS\system32\NLAapi.dll
0x00007ff815520000 - 0x00007ff815532000 	C:\WINDOWS\System32\winrnr.dll
0x00007ff820b60000 - 0x00007ff820b6a000 	C:\Windows\System32\rasadhlp.dll
0x00007ff81fee0000 - 0x00007ff81ff5f000 	C:\WINDOWS\System32\fwpuclnt.dll
0x00007ff828630000 - 0x00007ff828814000 	C:\WINDOWS\SYSTEM32\dbghelp.dll

VM Arguments:
jvm_args: -Dmaven.multiModuleProjectDirectory=C:\DO\nwu\AccountSystemTest -Dmaven.home=C:\Program Files\JetBrains\IntelliJ IDEA Community Edition 2021.2\plugins\maven\lib\maven3 -Dclassworlds.conf=C:\Program Files\JetBrains\IntelliJ IDEA Community Edition 2021.2\plugins\maven\lib\maven3\bin\m2.conf -Dmaven.ext.class.path=C:\Program Files\JetBrains\IntelliJ IDEA Community Edition 2021.2\plugins\maven\lib\maven-event-listener.jar -javaagent:C:\Program Files\JetBrains\IntelliJ IDEA Community Edition 2021.2\lib\idea_rt.jar=55935:C:\Program Files\JetBrains\IntelliJ IDEA Community Edition 2021.2\bin -Dfile.encoding=UTF-8 
java_command: org.codehaus.classworlds.Launcher -Didea.version=2021.2 -s C:\Program Files\apache-maven-3.8.2\conf\settings.xml clean install
java_class_path (initial): C:\Program Files\JetBrains\IntelliJ IDEA Community Edition 2021.2\plugins\maven\lib\maven3\boot\plexus-classworlds-2.6.0.jar;C:\Program Files\JetBrains\IntelliJ IDEA Community Edition 2021.2\plugins\maven\lib\maven3\boot\plexus-classworlds.license;C:\Program Files\JetBrains\IntelliJ IDEA Community Edition 2021.2\lib\idea_rt.jar
Launcher Type: SUN_STANDARD

Environment Variables:
PATH=C:\oraclexe\app\oracle\product\11.2.0\server\bin;C:\WINDOWS\system32;C:\WINDOWS;C:\WINDOWS\System32\Wbem;C:\WINDOWS\System32\WindowsPowerShell\v1.0\;C:\WINDOWS\System32\OpenSSH\;C:\Program Files\Git\cmd;C:\Program Files\JetBrains\IntelliJ IDEA Community Edition 2021.2\bin;C:\Program Files\Java\jdk1.8.0_301\bin;C:\Program Files\apache-maven-3.8.2\bin;C:\Program Files\dotnet\;C:\Program Files\Microsoft SQL Server\130\Tools\Binn\;C:\Program Files\Microsoft SQL Server\Client SDK\ODBC\170\Tools\Binn\;C:\Users\User\AppData\Local\Microsoft\WindowsApps;C:\Program Files\JetBrains\IntelliJ IDEA 2021.2\bin;;C:\Program Files\JetBrains\IntelliJ IDEA Community Edition 2021.2\bin;;C:\Program Files\JetBrains\IntelliJ IDEA Community Edition 2021.2\bin;C:\Program Files\Java\jdk1.8.0_301\bin;C:\Program Files\apache-maven-3.8.2\bin;C:\Users\User\.dotnet\tools
USERNAME=User
OS=Windows_NT
PROCESSOR_IDENTIFIER=Intel64 Family 6 Model 142 Stepping 10, GenuineIntel



---------------  S Y S T E M  ---------------

OS: Windows 10.0 , 64 bit Build 19041 (10.0.19041.1202)

CPU:total 8 (initial active 8) (4 cores per cpu, 2 threads per core) family 6 model 142 stepping 10, cmov, cx8, fxsr, mmx, sse, sse2, sse3, ssse3, sse4.1, sse4.2, popcnt, avx, avx2, aes, clmul, erms, 3dnowpref, lzcnt, ht, tsc, tscinvbit, bmi1, bmi2, adx

Memory: 4k page, physical 4075748k(196620k free), swap 16658660k(2908k free)

vm_info: Java HotSpot(TM) 64-Bit Server VM (25.301-b09) for windows-amd64 JRE (1.8.0_301-b09), built on Jun  9 2021 06:46:21 by "java_re" with MS VC++ 15.9 (VS2017)

time: Tue Sep 28 00:40:09 2021
timezone: South Africa Standard Time
elapsed time: 19.238436 seconds (0d 0h 0m 19s)

